<?xml version="1.0" encoding="UTF-8"?>
<!-- Generated by org.testng.reporters.JUnitXMLReporter -->
<testsuite hostname="EXIPC0189" name="Default test" tests="1" failures="0" timestamp="31 Aug 2023 11:10:23 GMT" time="2.912" errors="0">
  <testcase name="@BeforeMethod setUp" time="0.0" classname="WebApp.MemberPortal.testcases.LoginPageTestCases">
    <failure type="org.openqa.selenium.SessionNotCreatedException" message="session not created: This version of ChromeDriver only supports Chrome version 114
Current browser version is 116.0.5845.141 with binary path C:\Program Files\Google\Chrome\Application\chrome.exe
Build info: version: &amp;apos;3.141.59&amp;apos;, revision: &amp;apos;e82be7d358&amp;apos;, time: &amp;apos;2018-11-14T08:17:03&amp;apos;
System info: host: &amp;apos;EXIPC0189&amp;apos;, ip: &amp;apos;172.17.10.158&amp;apos;, os.name: &amp;apos;Windows 10&amp;apos;, os.arch: &amp;apos;amd64&amp;apos;, os.version: &amp;apos;10.0&amp;apos;, java.version: &amp;apos;1.8.0_331&amp;apos;
Driver info: driver.version: ChromeDriver
remote stacktrace: Backtrace:
	GetHandleVerifier [0x006EA813+48355]
	(No symbol) [0x0067C4B1]
	(No symbol) [0x00585358]
	(No symbol) [0x005A61AC]
	(No symbol) [0x005A1EF3]
	(No symbol) [0x005A0579]
	(No symbol) [0x005D0C55]
	(No symbol) [0x005D093C]
	(No symbol) [0x005CA536]
	(No symbol) [0x005A82DC]
	(No symbol) [0x005A93DD]
	GetHandleVerifier [0x0094AABD+2539405]
	GetHandleVerifier [0x0098A78F+2800735]
	GetHandleVerifier [0x0098456C+2775612]
	GetHandleVerifier [0x007751E0+616112]
	(No symbol) [0x00685F8C]
	(No symbol) [0x00682328]
	(No symbol) [0x0068240B]
	(No symbol) [0x00674FF7]
	BaseThreadInitThunk [0x754CFA29+25]
	RtlGetAppContainerNamedObjectPath [0x77007A7E+286]
	RtlGetAppContainerNamedObjectPath [0x77007A4E+238]
">
      <![CDATA[org.openqa.selenium.SessionNotCreatedException: session not created: This version of ChromeDriver only supports Chrome version 114
Current browser version is 116.0.5845.141 with binary path C:\Program Files\Google\Chrome\Application\chrome.exe
Build info: version: '3.141.59', revision: 'e82be7d358', time: '2018-11-14T08:17:03'
System info: host: 'EXIPC0189', ip: '172.17.10.158', os.name: 'Windows 10', os.arch: 'amd64', os.version: '10.0', java.version: '1.8.0_331'
Driver info: driver.version: ChromeDriver
remote stacktrace: Backtrace:
	GetHandleVerifier [0x006EA813+48355]
	(No symbol) [0x0067C4B1]
	(No symbol) [0x00585358]
	(No symbol) [0x005A61AC]
	(No symbol) [0x005A1EF3]
	(No symbol) [0x005A0579]
	(No symbol) [0x005D0C55]
	(No symbol) [0x005D093C]
	(No symbol) [0x005CA536]
	(No symbol) [0x005A82DC]
	(No symbol) [0x005A93DD]
	GetHandleVerifier [0x0094AABD+2539405]
	GetHandleVerifier [0x0098A78F+2800735]
	GetHandleVerifier [0x0098456C+2775612]
	GetHandleVerifier [0x007751E0+616112]
	(No symbol) [0x00685F8C]
	(No symbol) [0x00682328]
	(No symbol) [0x0068240B]
	(No symbol) [0x00674FF7]
	BaseThreadInitThunk [0x754CFA29+25]
	RtlGetAppContainerNamedObjectPath [0x77007A7E+286]
	RtlGetAppContainerNamedObjectPath [0x77007A4E+238]

	at sun.reflect.NativeConstructorAccessorImpl.newInstance0(Native Method)
	at sun.reflect.NativeConstructorAccessorImpl.newInstance(Unknown Source)
	at sun.reflect.DelegatingConstructorAccessorImpl.newInstance(Unknown Source)
	at java.lang.reflect.Constructor.newInstance(Unknown Source)
	at org.openqa.selenium.remote.W3CHandshakeResponse.lambda$errorHandler$0(W3CHandshakeResponse.java:62)
	at org.openqa.selenium.remote.HandshakeResponse.lambda$getResponseFunction$0(HandshakeResponse.java:30)
	at org.openqa.selenium.remote.ProtocolHandshake.lambda$createSession$0(ProtocolHandshake.java:126)
	at java.util.stream.ReferencePipeline$3$1.accept(Unknown Source)
	at java.util.Spliterators$ArraySpliterator.tryAdvance(Unknown Source)
	at java.util.stream.ReferencePipeline.forEachWithCancel(Unknown Source)
	at java.util.stream.AbstractPipeline.copyIntoWithCancel(Unknown Source)
	at java.util.stream.AbstractPipeline.copyInto(Unknown Source)
	at java.util.stream.AbstractPipeline.wrapAndCopyInto(Unknown Source)
	at java.util.stream.FindOps$FindOp.evaluateSequential(Unknown Source)
	at java.util.stream.AbstractPipeline.evaluate(Unknown Source)
	at java.util.stream.ReferencePipeline.findFirst(Unknown Source)
	at org.openqa.selenium.remote.ProtocolHandshake.createSession(ProtocolHandshake.java:128)
	at org.openqa.selenium.remote.ProtocolHandshake.createSession(ProtocolHandshake.java:74)
	at org.openqa.selenium.remote.HttpCommandExecutor.execute(HttpCommandExecutor.java:136)
	at org.openqa.selenium.remote.service.DriverCommandExecutor.execute(DriverCommandExecutor.java:83)
	at org.openqa.selenium.remote.RemoteWebDriver.execute(RemoteWebDriver.java:552)
	at org.openqa.selenium.remote.RemoteWebDriver.startSession(RemoteWebDriver.java:213)
	at org.openqa.selenium.remote.RemoteWebDriver.<init>(RemoteWebDriver.java:131)
	at org.openqa.selenium.chrome.ChromeDriver.<init>(ChromeDriver.java:181)
	at org.openqa.selenium.chrome.ChromeDriver.<init>(ChromeDriver.java:168)
	at org.openqa.selenium.chrome.ChromeDriver.<init>(ChromeDriver.java:123)
	at WebApp.MemberPortal.BaseClass.WebBase.init(WebBase.java:53)
	at WebApp.MemberPortal.testcases.LoginPageTestCases.setUp(LoginPageTestCases.java:35)
	at sun.reflect.NativeMethodAccessorImpl.invoke0(Native Method)
	at sun.reflect.NativeMethodAccessorImpl.invoke(Unknown Source)
	at sun.reflect.DelegatingMethodAccessorImpl.invoke(Unknown Source)
	at java.lang.reflect.Method.invoke(Unknown Source)
	at org.testng.internal.MethodInvocationHelper.invokeMethod(MethodInvocationHelper.java:86)
	at org.testng.internal.Invoker.invokeConfigurationMethod(Invoker.java:514)
	at org.testng.internal.Invoker.invokeConfigurations(Invoker.java:215)
	at org.testng.internal.Invoker.invokeMethod(Invoker.java:589)
	at org.testng.internal.Invoker.invokeTestMethod(Invoker.java:820)
	at org.testng.internal.Invoker.invokeTestMethods(Invoker.java:1128)
	at org.testng.internal.TestMethodWorker.invokeTestMethods(TestMethodWorker.java:129)
	at org.testng.internal.TestMethodWorker.run(TestMethodWorker.java:112)
	at org.testng.TestRunner.privateRun(TestRunner.java:782)
	at org.testng.TestRunner.run(TestRunner.java:632)
	at org.testng.SuiteRunner.runTest(SuiteRunner.java:366)
	at org.testng.SuiteRunner.runSequentially(SuiteRunner.java:361)
	at org.testng.SuiteRunner.privateRun(SuiteRunner.java:319)
	at org.testng.SuiteRunner.run(SuiteRunner.java:268)
	at org.testng.SuiteRunnerWorker.runSuite(SuiteRunnerWorker.java:52)
	at org.testng.SuiteRunnerWorker.run(SuiteRunnerWorker.java:86)
	at org.testng.TestNG.runSuitesSequentially(TestNG.java:1244)
	at org.testng.TestNG.runSuitesLocally(TestNG.java:1169)
	at org.testng.TestNG.run(TestNG.java:1064)
	at org.testng.remote.AbstractRemoteTestNG.run(AbstractRemoteTestNG.java:132)
	at org.testng.remote.RemoteTestNG.initAndRun(RemoteTestNG.java:230)
	at org.testng.remote.RemoteTestNG.main(RemoteTestNG.java:76)
]]>
    </failure>
  </testcase> <!-- @BeforeMethod setUp -->
  <testcase name="@AfterMethod tearDown" time="0.0" classname="WebApp.MemberPortal.testcases.LoginPageTestCases">
    <skipped/>
  </testcase> <!-- @AfterMethod tearDown -->
  <testcase name="LoginPageTitleTest" time="0.001" classname="WebApp.MemberPortal.testcases.LoginPageTestCases">
    <skipped/>
  </testcase> <!-- LoginPageTitleTest -->
</testsuite> <!-- Default test -->
