<?xml version="1.0" encoding="UTF-8"?>
<!-- Generated by org.testng.reporters.JUnitXMLReporter -->
<testsuite hostname="EXIPC0189" name="MemberPortalTestCases" tests="13" failures="3" timestamp="26 Sep 2023 12:01:07 GMT" time="248.563" errors="0">
  <testcase name="ValidLoginTest" time="26.212" classname="WebApp.MemberPortal.testcases.LoginPageTestCases"/>
  <testcase name="invalidEmailLoginTest" time="0.151" classname="WebApp.MemberPortal.testcases.LoginPageTestCases">
    <skipped/>
  </testcase> <!-- invalidEmailLoginTest -->
  <testcase name="invalidEmailLoginTest" time="0.145" classname="WebApp.MemberPortal.testcases.LoginPageTestCases">
    <skipped/>
  </testcase> <!-- invalidEmailLoginTest -->
  <testcase name="invalidEmailLoginTest" time="0.14" classname="WebApp.MemberPortal.testcases.LoginPageTestCases">
    <failure type="java.lang.IllegalArgumentException" message="Keys to send should be a not null CharSequence">
      <![CDATA[java.lang.IllegalArgumentException: Keys to send should be a not null CharSequence
	at org.openqa.selenium.remote.RemoteWebElement.sendKeys(RemoteWebElement.java:97)
	at sun.reflect.NativeMethodAccessorImpl.invoke0(Native Method)
	at sun.reflect.NativeMethodAccessorImpl.invoke(Unknown Source)
	at sun.reflect.DelegatingMethodAccessorImpl.invoke(Unknown Source)
	at java.lang.reflect.Method.invoke(Unknown Source)
	at org.openqa.selenium.support.events.EventFiringWebDriver$EventFiringWebElement.lambda$new$0(EventFiringWebDriver.java:375)
	at com.sun.proxy.$Proxy16.sendKeys(Unknown Source)
	at org.openqa.selenium.support.events.EventFiringWebDriver$EventFiringWebElement.sendKeys(EventFiringWebDriver.java:399)
	at sun.reflect.NativeMethodAccessorImpl.invoke0(Native Method)
	at sun.reflect.NativeMethodAccessorImpl.invoke(Unknown Source)
	at sun.reflect.DelegatingMethodAccessorImpl.invoke(Unknown Source)
	at java.lang.reflect.Method.invoke(Unknown Source)
	at org.openqa.selenium.support.pagefactory.internal.LocatingElementHandler.invoke(LocatingElementHandler.java:51)
	at com.sun.proxy.$Proxy15.sendKeys(Unknown Source)
	at WebApp.MemberPortal.Pages.LoginPage.invalidEmailLogin(LoginPage.java:109)
	at WebApp.MemberPortal.testcases.LoginPageTestCases.invalidEmailLoginTest(LoginPageTestCases.java:87)
	at sun.reflect.NativeMethodAccessorImpl.invoke0(Native Method)
	at sun.reflect.NativeMethodAccessorImpl.invoke(Unknown Source)
	at sun.reflect.DelegatingMethodAccessorImpl.invoke(Unknown Source)
	at java.lang.reflect.Method.invoke(Unknown Source)
	at org.testng.internal.MethodInvocationHelper.invokeMethod(MethodInvocationHelper.java:86)
	at org.testng.internal.Invoker.invokeMethod(Invoker.java:643)
	at org.testng.internal.Invoker.retryFailed(Invoker.java:967)
	at org.testng.internal.Invoker.invokeTestMethods(Invoker.java:1146)
	at org.testng.internal.TestMethodWorker.invokeTestMethods(TestMethodWorker.java:129)
	at org.testng.internal.TestMethodWorker.run(TestMethodWorker.java:112)
	at java.util.concurrent.ThreadPoolExecutor.runWorker(Unknown Source)
	at java.util.concurrent.ThreadPoolExecutor$Worker.run(Unknown Source)
	at java.lang.Thread.run(Unknown Source)
]]>
    </failure>
  </testcase> <!-- invalidEmailLoginTest -->
  <testcase name="invalidPwdLoginTest" time="0.059" classname="WebApp.MemberPortal.testcases.LoginPageTestCases">
    <skipped/>
  </testcase> <!-- invalidPwdLoginTest -->
  <testcase name="invalidPwdLoginTest" time="0.056" classname="WebApp.MemberPortal.testcases.LoginPageTestCases">
    <skipped/>
  </testcase> <!-- invalidPwdLoginTest -->
  <testcase name="invalidPwdLoginTest" time="0.07" classname="WebApp.MemberPortal.testcases.LoginPageTestCases">
    <failure type="java.lang.IllegalArgumentException" message="Keys to send should be a not null CharSequence">
      <![CDATA[java.lang.IllegalArgumentException: Keys to send should be a not null CharSequence
	at org.openqa.selenium.remote.RemoteWebElement.sendKeys(RemoteWebElement.java:97)
	at sun.reflect.GeneratedMethodAccessor12.invoke(Unknown Source)
	at sun.reflect.DelegatingMethodAccessorImpl.invoke(Unknown Source)
	at java.lang.reflect.Method.invoke(Unknown Source)
	at org.openqa.selenium.support.events.EventFiringWebDriver$EventFiringWebElement.lambda$new$0(EventFiringWebDriver.java:375)
	at com.sun.proxy.$Proxy16.sendKeys(Unknown Source)
	at org.openqa.selenium.support.events.EventFiringWebDriver$EventFiringWebElement.sendKeys(EventFiringWebDriver.java:399)
	at sun.reflect.GeneratedMethodAccessor12.invoke(Unknown Source)
	at sun.reflect.DelegatingMethodAccessorImpl.invoke(Unknown Source)
	at java.lang.reflect.Method.invoke(Unknown Source)
	at org.openqa.selenium.support.pagefactory.internal.LocatingElementHandler.invoke(LocatingElementHandler.java:51)
	at com.sun.proxy.$Proxy15.sendKeys(Unknown Source)
	at WebApp.MemberPortal.Pages.LoginPage.invalidPwdLogin(LoginPage.java:95)
	at WebApp.MemberPortal.testcases.LoginPageTestCases.invalidPwdLoginTest(LoginPageTestCases.java:81)
	at sun.reflect.NativeMethodAccessorImpl.invoke0(Native Method)
	at sun.reflect.NativeMethodAccessorImpl.invoke(Unknown Source)
	at sun.reflect.DelegatingMethodAccessorImpl.invoke(Unknown Source)
	at java.lang.reflect.Method.invoke(Unknown Source)
	at org.testng.internal.MethodInvocationHelper.invokeMethod(MethodInvocationHelper.java:86)
	at org.testng.internal.Invoker.invokeMethod(Invoker.java:643)
	at org.testng.internal.Invoker.retryFailed(Invoker.java:967)
	at org.testng.internal.Invoker.invokeTestMethods(Invoker.java:1146)
	at org.testng.internal.TestMethodWorker.invokeTestMethods(TestMethodWorker.java:129)
	at org.testng.internal.TestMethodWorker.run(TestMethodWorker.java:112)
	at java.util.concurrent.ThreadPoolExecutor.runWorker(Unknown Source)
	at java.util.concurrent.ThreadPoolExecutor$Worker.run(Unknown Source)
	at java.lang.Thread.run(Unknown Source)
]]>
    </failure>
  </testcase> <!-- invalidPwdLoginTest -->
  <testcase name="signUpLinkTest" time="0.0" classname="WebApp.MemberPortal.testcases.LoginPageTestCases">
    <skipped/>
  </testcase> <!-- signUpLinkTest -->
  <testcase name="signUpLinkTest" time="0.0" classname="WebApp.MemberPortal.testcases.LoginPageTestCases">
    <skipped/>
  </testcase> <!-- signUpLinkTest -->
  <testcase name="signUpLinkTest" time="0.0" classname="WebApp.MemberPortal.testcases.LoginPageTestCases">
    <failure type="java.lang.NullPointerException">
      <![CDATA[java.lang.NullPointerException
	at WebApp.MemberPortal.Pages.LoginPage.signUpLink(LoginPage.java:133)
	at WebApp.MemberPortal.testcases.LoginPageTestCases.signUpLinkTest(LoginPageTestCases.java:121)
	at sun.reflect.NativeMethodAccessorImpl.invoke0(Native Method)
	at sun.reflect.NativeMethodAccessorImpl.invoke(Unknown Source)
	at sun.reflect.DelegatingMethodAccessorImpl.invoke(Unknown Source)
	at java.lang.reflect.Method.invoke(Unknown Source)
	at org.testng.internal.MethodInvocationHelper.invokeMethod(MethodInvocationHelper.java:86)
	at org.testng.internal.Invoker.invokeMethod(Invoker.java:643)
	at org.testng.internal.Invoker.retryFailed(Invoker.java:967)
	at org.testng.internal.Invoker.invokeTestMethods(Invoker.java:1146)
	at org.testng.internal.TestMethodWorker.invokeTestMethods(TestMethodWorker.java:129)
	at org.testng.internal.TestMethodWorker.run(TestMethodWorker.java:112)
	at java.util.concurrent.ThreadPoolExecutor.runWorker(Unknown Source)
	at java.util.concurrent.ThreadPoolExecutor$Worker.run(Unknown Source)
	at java.lang.Thread.run(Unknown Source)
]]>
    </failure>
  </testcase> <!-- signUpLinkTest -->
  <testcase name="validLoginAbcAustinTest" time="11.447" classname="WebApp.MemberPortal.testcases.LoginPageTestCases"/>
  <testcase name="verifyEmptyLoginErrorMsgTest" time="0.214" classname="WebApp.MemberPortal.testcases.LoginPageTestCases"/>
  <testcase name="LoginPageTitleTest" time="0.01" classname="WebApp.MemberPortal.testcases.LoginPageTestCases"/>
</testsuite> <!-- MemberPortalTestCases -->
