<html>
<head>
<title>TestNG:  MemberPortalTestCases</title>
<link href="../testng.css" rel="stylesheet" type="text/css" />
<link href="../my-testng.css" rel="stylesheet" type="text/css" />

<style type="text/css">
.log { display: none;} 
.stack-trace { display: none;} 
</style>
<script type="text/javascript">
<!--
function flip(e) {
  current = e.style.display;
  if (current == 'block') {
    e.style.display = 'none';
    return 0;
  }
  else {
    e.style.display = 'block';
    return 1;
  }
}

function toggleBox(szDivId, elem, msg1, msg2)
{
  var res = -1;  if (document.getElementById) {
    res = flip(document.getElementById(szDivId));
  }
  else if (document.all) {
    // this is the way old msie versions work
    res = flip(document.all[szDivId]);
  }
  if(elem) {
    if(res == 0) elem.innerHTML = msg1; else elem.innerHTML = msg2;
  }

}

function toggleAllBoxes() {
  if (document.getElementsByTagName) {
    d = document.getElementsByTagName('div');
    for (i = 0; i < d.length; i++) {
      if (d[i].className == 'log') {
        flip(d[i]);
      }
    }
  }
}

// -->
</script>

</head>
<body>
<h2 align='center'>MemberPortalTestCases</h2><table border='1' align="center">
<tr>
<td>Tests passed/Failed/Skipped:</td><td>0/0/7</td>
</tr><tr>
<td>Started on:</td><td>Thu Aug 31 17:50:00 IST 2023</td>
</tr>
<tr><td>Total time:</td><td>128 seconds (128638 ms)</td>
</tr><tr>
<td>Included groups:</td><td></td>
</tr><tr>
<td>Excluded groups:</td><td></td>
</tr>
</table><p/>
<small><i>(Hover the method name to see the test class name)</i></small><p/>
<table width='100%' border='1' class='invocation-failed'>
<tr><td colspan='4' align='center'><b>FAILED CONFIGURATIONS</b></td></tr>
<tr><td><b>Test method</b></td>
<td width="30%"><b>Exception</b></td>
<td width="10%"><b>Time (seconds)</b></td>
<td><b>Instance</b></td>
</tr>
<tr>
<td title='WebApp.MemberPortal.testcases.LoginPageTestCases.setUp()'><b>setUp</b><br>Test class: WebApp.MemberPortal.testcases.LoginPageTestCases</td>
<td><div><pre>org.openqa.selenium.TimeoutException: timeout: Timed out receiving message from renderer: 118.094
  (Session info: chrome=116.0.5845.141)
Build info: version: &apos;4.11.0&apos;, revision: &apos;040bc5406b&apos;
System info: os.name: &apos;Windows 10&apos;, os.arch: &apos;amd64&apos;, os.version: &apos;10.0&apos;, java.version: &apos;1.8.0_331&apos;
Driver info: org.openqa.selenium.chrome.ChromeDriver
Command: [eeeeef4263d765d79e24d301fd4d3cc1, get {url=https://member-dev.smartac.com/login/}]
Capabilities {acceptInsecureCerts: false, browserName: chrome, browserVersion: 116.0.5845.141, chrome: {chromedriverVersion: 116.0.5845.96 (1a3918166880..., userDataDir: C:\Users\SCHOUD~1\AppData\L...}, fedcm:accounts: true, goog:chromeOptions: {debuggerAddress: localhost:60085}, networkConnectionEnabled: false, pageLoadStrategy: normal, platformName: windows, proxy: Proxy(), se:cdp: ws://localhost:60085/devtoo..., se:cdpVersion: 116.0.5845.141, setWindowRect: true, strictFileInteractability: false, timeouts: {implicit: 0, pageLoad: 300000, script: 30000}, unhandledPromptBehavior: dismiss and notify, webauthn:extension:credBlob: true, webauthn:extension:largeBlob: true, webauthn:extension:minPinLength: true, webauthn:extension:prf: true, webauthn:virtualAuthenticators: true}
Session ID: eeeeef4263d765d79e24d301fd4d3cc1
	at sun.reflect.NativeConstructorAccessorImpl.newInstance0(Native Method)
	at sun.reflect.NativeConstructorAccessorImpl.newInstance(Unknown Source)
	at sun.reflect.DelegatingConstructorAccessorImpl.newInstance(Unknown Source)
	at java.lang.reflect.Constructor.newInstance(Unknown Source)
	at org.openqa.selenium.remote.codec.w3c.W3CHttpResponseCodec.createException(W3CHttpResponseCodec.java:200)
	at org.openqa.selenium.remote.codec.w3c.W3CHttpResponseCodec.decode(W3CHttpResponseCodec.java:133)
	at org.openqa.selenium.remote.codec.w3c.W3CHttpResponseCodec.decode(W3CHttpResponseCodec.java:52)
	at org.openqa.selenium.remote.HttpCommandExecutor.execute(HttpCommandExecutor.java:191)
	at org.openqa.selenium.remote.service.DriverCommandExecutor.invokeExecute(DriverCommandExecutor.java:196)
	at org.openqa.selenium.remote.service.DriverCommandExecutor.execute(DriverCommandExecutor.java:171)
	at org.openqa.selenium.remote.RemoteWebDriver.execute(RemoteWebDriver.java:518)
	at org.openqa.selenium.remote.RemoteWebDriver.get(RemoteWebDriver.java:300)
	at sun.reflect.NativeMethodAccessorImpl.invoke0(Native Method)
	at sun.reflect.NativeMethodAccessorImpl.invoke(Unknown Source)
	at sun.reflect.DelegatingMethodAccessorImpl.invoke(Unknown Source)
	at java.lang.reflect.Method.invoke(Unknown Source)
	at org.openqa.selenium.support.events.EventFiringWebDriver.lambda$new$1(EventFiringWebDriver.java:107)
	at com.sun.proxy.$Proxy13.get(Unknown Source)
	at org.openqa.selenium.support.events.EventFiringWebDriver.get(EventFiringWebDriver.java:165)
	at WebApp.MemberPortal.BaseClass.WebBase.init(WebBase.java:98)
	at WebApp.MemberPortal.testcases.LoginPageTestCases.setUp(LoginPageTestCases.java:35)
	at sun.reflect.NativeMethodAccessorImpl.invoke0(Native Method)
	at sun.reflect.NativeMethodAccessorImpl.invoke(Unknown Source)
	at sun.reflect.DelegatingMethodAccessorImpl.invoke(Unknown Source)
	at java.lang.reflect.Method.invoke(Unknown Source)
	at org.testng.internal.MethodInvocationHelper.invokeMethod(MethodInvocationHelper.java:86)
	at org.testng.internal.Invoker.invokeConfigurationMethod(Invoker.java:514)
	at org.testng.internal.Invoker.invokeConfigurations(Invoker.java:215)
	at org.testng.internal.Invoker.invokeMethod(Invoker.java:589)
	at org.testng.internal.Invoker.invokeTestMethod(Invoker.java:820)
	at org.testng.internal.Invoker.invokeTestMethods(Invoker.java:1128)
	at org.testng.internal.TestMethodWorker.invokeTestMethods(TestMethodWorker.java:129)
	at org.testng.internal.TestMethodWorker.run(TestMethodWorker.java:112)
	at java.util.concurrent.ThreadPoolExecutor.runWorker(Unknown Source)
	at java.util.concurrent.ThreadPoolExecutor$Worker.run(Unknown Source)
	at java.lang.Thread.run(Unknown Source)
</pre></div><a href='#' onClick='toggleBox("stack-trace521308985", this, "Click to show all stack frames", "Click to hide stack frames")'>Click to show all stack frames</a>
<div class='stack-trace' id='stack-trace521308985'><pre>org.openqa.selenium.TimeoutException: timeout: Timed out receiving message from renderer: 118.094
  (Session info: chrome=116.0.5845.141)
Build info: version: &apos;4.11.0&apos;, revision: &apos;040bc5406b&apos;
System info: os.name: &apos;Windows 10&apos;, os.arch: &apos;amd64&apos;, os.version: &apos;10.0&apos;, java.version: &apos;1.8.0_331&apos;
Driver info: org.openqa.selenium.chrome.ChromeDriver
Command: [eeeeef4263d765d79e24d301fd4d3cc1, get {url=https://member-dev.smartac.com/login/}]
Capabilities {acceptInsecureCerts: false, browserName: chrome, browserVersion: 116.0.5845.141, chrome: {chromedriverVersion: 116.0.5845.96 (1a3918166880..., userDataDir: C:\Users\SCHOUD~1\AppData\L...}, fedcm:accounts: true, goog:chromeOptions: {debuggerAddress: localhost:60085}, networkConnectionEnabled: false, pageLoadStrategy: normal, platformName: windows, proxy: Proxy(), se:cdp: ws://localhost:60085/devtoo..., se:cdpVersion: 116.0.5845.141, setWindowRect: true, strictFileInteractability: false, timeouts: {implicit: 0, pageLoad: 300000, script: 30000}, unhandledPromptBehavior: dismiss and notify, webauthn:extension:credBlob: true, webauthn:extension:largeBlob: true, webauthn:extension:minPinLength: true, webauthn:extension:prf: true, webauthn:virtualAuthenticators: true}
Session ID: eeeeef4263d765d79e24d301fd4d3cc1
	at sun.reflect.NativeConstructorAccessorImpl.newInstance0(Native Method)
	at sun.reflect.NativeConstructorAccessorImpl.newInstance(Unknown Source)
	at sun.reflect.DelegatingConstructorAccessorImpl.newInstance(Unknown Source)
	at java.lang.reflect.Constructor.newInstance(Unknown Source)
	at org.openqa.selenium.remote.codec.w3c.W3CHttpResponseCodec.createException(W3CHttpResponseCodec.java:200)
	at org.openqa.selenium.remote.codec.w3c.W3CHttpResponseCodec.decode(W3CHttpResponseCodec.java:133)
	at org.openqa.selenium.remote.codec.w3c.W3CHttpResponseCodec.decode(W3CHttpResponseCodec.java:52)
	at org.openqa.selenium.remote.HttpCommandExecutor.execute(HttpCommandExecutor.java:191)
	at org.openqa.selenium.remote.service.DriverCommandExecutor.invokeExecute(DriverCommandExecutor.java:196)
	at org.openqa.selenium.remote.service.DriverCommandExecutor.execute(DriverCommandExecutor.java:171)
	at org.openqa.selenium.remote.RemoteWebDriver.execute(RemoteWebDriver.java:518)
	at org.openqa.selenium.remote.RemoteWebDriver.get(RemoteWebDriver.java:300)
	at sun.reflect.NativeMethodAccessorImpl.invoke0(Native Method)
	at sun.reflect.NativeMethodAccessorImpl.invoke(Unknown Source)
	at sun.reflect.DelegatingMethodAccessorImpl.invoke(Unknown Source)
	at java.lang.reflect.Method.invoke(Unknown Source)
	at org.openqa.selenium.support.events.EventFiringWebDriver.lambda$new$1(EventFiringWebDriver.java:107)
	at com.sun.proxy.$Proxy13.get(Unknown Source)
	at org.openqa.selenium.support.events.EventFiringWebDriver.get(EventFiringWebDriver.java:165)
	at WebApp.MemberPortal.BaseClass.WebBase.init(WebBase.java:98)
	at WebApp.MemberPortal.testcases.LoginPageTestCases.setUp(LoginPageTestCases.java:35)
	at sun.reflect.NativeMethodAccessorImpl.invoke0(Native Method)
	at sun.reflect.NativeMethodAccessorImpl.invoke(Unknown Source)
	at sun.reflect.DelegatingMethodAccessorImpl.invoke(Unknown Source)
	at java.lang.reflect.Method.invoke(Unknown Source)
	at org.testng.internal.MethodInvocationHelper.invokeMethod(MethodInvocationHelper.java:86)
	at org.testng.internal.Invoker.invokeConfigurationMethod(Invoker.java:514)
	at org.testng.internal.Invoker.invokeConfigurations(Invoker.java:215)
	at org.testng.internal.Invoker.invokeMethod(Invoker.java:589)
	at org.testng.internal.Invoker.invokeTestMethod(Invoker.java:820)
	at org.testng.internal.Invoker.invokeTestMethods(Invoker.java:1128)
	at org.testng.internal.TestMethodWorker.invokeTestMethods(TestMethodWorker.java:129)
	at org.testng.internal.TestMethodWorker.run(TestMethodWorker.java:112)
	at java.util.concurrent.ThreadPoolExecutor.runWorker(Unknown Source)
	at java.util.concurrent.ThreadPoolExecutor$Worker.run(Unknown Source)
	at java.lang.Thread.run(Unknown Source)
</pre></div></td>
<td>0</td>
<td>WebApp.MemberPortal.testcases.LoginPageTestCases@64bf3bbf</td></tr>
</table><p>
<table width='100%' border='1' class='invocation-skipped'>
<tr><td colspan='4' align='center'><b>SKIPPED CONFIGURATIONS</b></td></tr>
<tr><td><b>Test method</b></td>
<td width="30%"><b>Exception</b></td>
<td width="10%"><b>Time (seconds)</b></td>
<td><b>Instance</b></td>
</tr>
<tr>
<td title='WebApp.MemberPortal.testcases.LoginPageTestCases.setUp()'><b>setUp</b><br>Test class: WebApp.MemberPortal.testcases.LoginPageTestCases</td>
<td></td>
<td>0</td>
<td>WebApp.MemberPortal.testcases.LoginPageTestCases@64bf3bbf</td></tr>
<tr>
<td title='WebApp.MemberPortal.testcases.LoginPageTestCases.setUp()'><b>setUp</b><br>Test class: WebApp.MemberPortal.testcases.LoginPageTestCases</td>
<td></td>
<td>0</td>
<td>WebApp.MemberPortal.testcases.LoginPageTestCases@64bf3bbf</td></tr>
<tr>
<td title='WebApp.MemberPortal.testcases.LoginPageTestCases.setUp()'><b>setUp</b><br>Test class: WebApp.MemberPortal.testcases.LoginPageTestCases</td>
<td></td>
<td>0</td>
<td>WebApp.MemberPortal.testcases.LoginPageTestCases@64bf3bbf</td></tr>
<tr>
<td title='WebApp.MemberPortal.testcases.LoginPageTestCases.setUp()'><b>setUp</b><br>Test class: WebApp.MemberPortal.testcases.LoginPageTestCases</td>
<td></td>
<td>0</td>
<td>WebApp.MemberPortal.testcases.LoginPageTestCases@64bf3bbf</td></tr>
<tr>
<td title='WebApp.MemberPortal.testcases.LoginPageTestCases.setUp()'><b>setUp</b><br>Test class: WebApp.MemberPortal.testcases.LoginPageTestCases</td>
<td></td>
<td>0</td>
<td>WebApp.MemberPortal.testcases.LoginPageTestCases@64bf3bbf</td></tr>
<tr>
<td title='WebApp.MemberPortal.testcases.LoginPageTestCases.setUp()'><b>setUp</b><br>Test class: WebApp.MemberPortal.testcases.LoginPageTestCases</td>
<td></td>
<td>0</td>
<td>WebApp.MemberPortal.testcases.LoginPageTestCases@64bf3bbf</td></tr>
<tr>
<td title='WebApp.MemberPortal.testcases.LoginPageTestCases.tearDown()'><b>tearDown</b><br>Test class: WebApp.MemberPortal.testcases.LoginPageTestCases</td>
<td></td>
<td>0</td>
<td>WebApp.MemberPortal.testcases.LoginPageTestCases@64bf3bbf</td></tr>
<tr>
<td title='WebApp.MemberPortal.testcases.LoginPageTestCases.tearDown()'><b>tearDown</b><br>Test class: WebApp.MemberPortal.testcases.LoginPageTestCases</td>
<td></td>
<td>0</td>
<td>WebApp.MemberPortal.testcases.LoginPageTestCases@64bf3bbf</td></tr>
<tr>
<td title='WebApp.MemberPortal.testcases.LoginPageTestCases.tearDown()'><b>tearDown</b><br>Test class: WebApp.MemberPortal.testcases.LoginPageTestCases</td>
<td></td>
<td>0</td>
<td>WebApp.MemberPortal.testcases.LoginPageTestCases@64bf3bbf</td></tr>
<tr>
<td title='WebApp.MemberPortal.testcases.LoginPageTestCases.tearDown()'><b>tearDown</b><br>Test class: WebApp.MemberPortal.testcases.LoginPageTestCases</td>
<td></td>
<td>0</td>
<td>WebApp.MemberPortal.testcases.LoginPageTestCases@64bf3bbf</td></tr>
<tr>
<td title='WebApp.MemberPortal.testcases.LoginPageTestCases.tearDown()'><b>tearDown</b><br>Test class: WebApp.MemberPortal.testcases.LoginPageTestCases</td>
<td></td>
<td>0</td>
<td>WebApp.MemberPortal.testcases.LoginPageTestCases@64bf3bbf</td></tr>
<tr>
<td title='WebApp.MemberPortal.testcases.LoginPageTestCases.tearDown()'><b>tearDown</b><br>Test class: WebApp.MemberPortal.testcases.LoginPageTestCases</td>
<td></td>
<td>0</td>
<td>WebApp.MemberPortal.testcases.LoginPageTestCases@64bf3bbf</td></tr>
<tr>
<td title='WebApp.MemberPortal.testcases.LoginPageTestCases.tearDown()'><b>tearDown</b><br>Test class: WebApp.MemberPortal.testcases.LoginPageTestCases</td>
<td></td>
<td>0</td>
<td>WebApp.MemberPortal.testcases.LoginPageTestCases@64bf3bbf</td></tr>
</table><p>
<table width='100%' border='1' class='invocation-skipped'>
<tr><td colspan='4' align='center'><b>SKIPPED TESTS</b></td></tr>
<tr><td><b>Test method</b></td>
<td width="30%"><b>Exception</b></td>
<td width="10%"><b>Time (seconds)</b></td>
<td><b>Instance</b></td>
</tr>
<tr>
<td title='WebApp.MemberPortal.testcases.LoginPageTestCases.LoginPageTitleTest()'><b>LoginPageTitleTest</b><br>Test class: WebApp.MemberPortal.testcases.LoginPageTestCases</td>
<td></td>
<td>0</td>
<td>WebApp.MemberPortal.testcases.LoginPageTestCases@64bf3bbf</td></tr>
<tr>
<td title='WebApp.MemberPortal.testcases.LoginPageTestCases.ValidLoginTest()'><b>ValidLoginTest</b><br>Test class: WebApp.MemberPortal.testcases.LoginPageTestCases</td>
<td></td>
<td>0</td>
<td>WebApp.MemberPortal.testcases.LoginPageTestCases@64bf3bbf</td></tr>
<tr>
<td title='WebApp.MemberPortal.testcases.LoginPageTestCases.invalidEmailLoginTest()'><b>invalidEmailLoginTest</b><br>Test class: WebApp.MemberPortal.testcases.LoginPageTestCases</td>
<td></td>
<td>0</td>
<td>WebApp.MemberPortal.testcases.LoginPageTestCases@64bf3bbf</td></tr>
<tr>
<td title='WebApp.MemberPortal.testcases.LoginPageTestCases.invalidPwdLoginTest()'><b>invalidPwdLoginTest</b><br>Test class: WebApp.MemberPortal.testcases.LoginPageTestCases</td>
<td></td>
<td>0</td>
<td>WebApp.MemberPortal.testcases.LoginPageTestCases@64bf3bbf</td></tr>
<tr>
<td title='WebApp.MemberPortal.testcases.LoginPageTestCases.signUpLinkTest()'><b>signUpLinkTest</b><br>Test class: WebApp.MemberPortal.testcases.LoginPageTestCases</td>
<td></td>
<td>0</td>
<td>WebApp.MemberPortal.testcases.LoginPageTestCases@64bf3bbf</td></tr>
<tr>
<td title='WebApp.MemberPortal.testcases.LoginPageTestCases.validLoginAbcAustinTest()'><b>validLoginAbcAustinTest</b><br>Test class: WebApp.MemberPortal.testcases.LoginPageTestCases</td>
<td></td>
<td>0</td>
<td>WebApp.MemberPortal.testcases.LoginPageTestCases@64bf3bbf</td></tr>
<tr>
<td title='WebApp.MemberPortal.testcases.LoginPageTestCases.verifyEmptyLoginErrorMsgTest()'><b>verifyEmptyLoginErrorMsgTest</b><br>Test class: WebApp.MemberPortal.testcases.LoginPageTestCases</td>
<td></td>
<td>0</td>
<td>WebApp.MemberPortal.testcases.LoginPageTestCases@64bf3bbf</td></tr>
</table><p>
</body>
</html>