<?xml version="1.0" encoding="UTF-8"?>
<testsuite xmlns:xsi="http://www.w3.org/2001/XMLSchema-instance" xsi:noNamespaceSchemaLocation="https://maven.apache.org/surefire/maven-surefire-plugin/xsd/surefire-test-report-3.0.xsd" version="3.0" name="TestSuite" time="249.282" tests="13" errors="0" skipped="6" failures="3">
  <properties>
    <property name="sun.desktop" value="windows"/>
    <property name="awt.toolkit" value="sun.awt.windows.WToolkit"/>
    <property name="file.encoding.pkg" value="sun.io"/>
    <property name="java.specification.version" value="1.8"/>
    <property name="sun.cpu.isalist" value="amd64"/>
    <property name="sun.jnu.encoding" value="Cp1252"/>
    <property name="java.class.path" value="E:\SandeepJavaWorkspace\MemberPortal\target\test-classes;E:\SandeepJavaWorkspace\MemberPortal\target\classes;C:\Users\schoudhary\.m2\repository\org\seleniumhq\selenium\selenium-java\4.11.0\selenium-java-4.11.0.jar;C:\Users\schoudhary\.m2\repository\org\seleniumhq\selenium\selenium-api\4.11.0\selenium-api-4.11.0.jar;C:\Users\schoudhary\.m2\repository\org\seleniumhq\selenium\selenium-chrome-driver\4.11.0\selenium-chrome-driver-4.11.0.jar;C:\Users\schoudhary\.m2\repository\com\google\auto\service\auto-service-annotations\1.0.1\auto-service-annotations-1.0.1.jar;C:\Users\schoudhary\.m2\repository\com\google\guava\guava\31.1-jre\guava-31.1-jre.jar;C:\Users\schoudhary\.m2\repository\com\google\guava\failureaccess\1.0.1\failureaccess-1.0.1.jar;C:\Users\schoudhary\.m2\repository\com\google\guava\listenablefuture\9999.0-empty-to-avoid-conflict-with-guava\listenablefuture-9999.0-empty-to-avoid-conflict-with-guava.jar;C:\Users\schoudhary\.m2\repository\com\google\code\findbugs\jsr305\3.0.2\jsr305-3.0.2.jar;C:\Users\schoudhary\.m2\repository\org\checkerframework\checker-qual\3.12.0\checker-qual-3.12.0.jar;C:\Users\schoudhary\.m2\repository\com\google\errorprone\error_prone_annotations\2.11.0\error_prone_annotations-2.11.0.jar;C:\Users\schoudhary\.m2\repository\com\google\j2objc\j2objc-annotations\1.3\j2objc-annotations-1.3.jar;C:\Users\schoudhary\.m2\repository\org\seleniumhq\selenium\selenium-chromium-driver\4.11.0\selenium-chromium-driver-4.11.0.jar;C:\Users\schoudhary\.m2\repository\org\seleniumhq\selenium\selenium-json\4.11.0\selenium-json-4.11.0.jar;C:\Users\schoudhary\.m2\repository\org\seleniumhq\selenium\selenium-manager\4.11.0\selenium-manager-4.11.0.jar;C:\Users\schoudhary\.m2\repository\org\seleniumhq\selenium\selenium-devtools-v113\4.11.0\selenium-devtools-v113-4.11.0.jar;C:\Users\schoudhary\.m2\repository\org\seleniumhq\selenium\selenium-devtools-v114\4.11.0\selenium-devtools-v114-4.11.0.jar;C:\Users\schoudhary\.m2\repository\org\seleniumhq\selenium\selenium-devtools-v115\4.11.0\selenium-devtools-v115-4.11.0.jar;C:\Users\schoudhary\.m2\repository\org\seleniumhq\selenium\selenium-devtools-v85\4.11.0\selenium-devtools-v85-4.11.0.jar;C:\Users\schoudhary\.m2\repository\org\seleniumhq\selenium\selenium-edge-driver\4.11.0\selenium-edge-driver-4.11.0.jar;C:\Users\schoudhary\.m2\repository\org\seleniumhq\selenium\selenium-firefox-driver\4.11.0\selenium-firefox-driver-4.11.0.jar;C:\Users\schoudhary\.m2\repository\org\seleniumhq\selenium\selenium-http\4.11.0\selenium-http-4.11.0.jar;C:\Users\schoudhary\.m2\repository\dev\failsafe\failsafe\3.3.1\failsafe-3.3.1.jar;C:\Users\schoudhary\.m2\repository\org\seleniumhq\selenium\selenium-ie-driver\4.11.0\selenium-ie-driver-4.11.0.jar;C:\Users\schoudhary\.m2\repository\org\seleniumhq\selenium\selenium-remote-driver\4.11.0\selenium-remote-driver-4.11.0.jar;C:\Users\schoudhary\.m2\repository\io\netty\netty-buffer\4.1.92.Final\netty-buffer-4.1.92.Final.jar;C:\Users\schoudhary\.m2\repository\io\netty\netty-codec-http\4.1.92.Final\netty-codec-http-4.1.92.Final.jar;C:\Users\schoudhary\.m2\repository\io\netty\netty-codec\4.1.92.Final\netty-codec-4.1.92.Final.jar;C:\Users\schoudhary\.m2\repository\io\netty\netty-handler\4.1.92.Final\netty-handler-4.1.92.Final.jar;C:\Users\schoudhary\.m2\repository\io\netty\netty-common\4.1.92.Final\netty-common-4.1.92.Final.jar;C:\Users\schoudhary\.m2\repository\io\netty\netty-transport-classes-epoll\4.1.92.Final\netty-transport-classes-epoll-4.1.92.Final.jar;C:\Users\schoudhary\.m2\repository\io\netty\netty-transport-classes-kqueue\4.1.92.Final\netty-transport-classes-kqueue-4.1.92.Final.jar;C:\Users\schoudhary\.m2\repository\io\netty\netty-transport-native-epoll\4.1.92.Final\netty-transport-native-epoll-4.1.92.Final.jar;C:\Users\schoudhary\.m2\repository\io\netty\netty-transport-native-kqueue\4.1.92.Final\netty-transport-native-kqueue-4.1.92.Final.jar;C:\Users\schoudhary\.m2\repository\io\netty\netty-transport-native-unix-common\4.1.92.Final\netty-transport-native-unix-common-4.1.92.Final.jar;C:\Users\schoudhary\.m2\repository\io\netty\netty-transport\4.1.92.Final\netty-transport-4.1.92.Final.jar;C:\Users\schoudhary\.m2\repository\io\netty\netty-resolver\4.1.92.Final\netty-resolver-4.1.92.Final.jar;C:\Users\schoudhary\.m2\repository\io\opentelemetry\opentelemetry-api\1.26.0\opentelemetry-api-1.26.0.jar;C:\Users\schoudhary\.m2\repository\io\opentelemetry\opentelemetry-context\1.26.0\opentelemetry-context-1.26.0.jar;C:\Users\schoudhary\.m2\repository\io\opentelemetry\opentelemetry-exporter-logging\1.26.0\opentelemetry-exporter-logging-1.26.0.jar;C:\Users\schoudhary\.m2\repository\io\opentelemetry\opentelemetry-sdk-metrics\1.26.0\opentelemetry-sdk-metrics-1.26.0.jar;C:\Users\schoudhary\.m2\repository\io\opentelemetry\opentelemetry-extension-incubator\1.26.0-alpha\opentelemetry-extension-incubator-1.26.0-alpha.jar;C:\Users\schoudhary\.m2\repository\io\opentelemetry\opentelemetry-sdk-logs\1.26.0-alpha\opentelemetry-sdk-logs-1.26.0-alpha.jar;C:\Users\schoudhary\.m2\repository\io\opentelemetry\opentelemetry-api-logs\1.26.0-alpha\opentelemetry-api-logs-1.26.0-alpha.jar;C:\Users\schoudhary\.m2\repository\io\opentelemetry\opentelemetry-api-events\1.26.0-alpha\opentelemetry-api-events-1.26.0-alpha.jar;C:\Users\schoudhary\.m2\repository\io\opentelemetry\opentelemetry-sdk-common\1.26.0\opentelemetry-sdk-common-1.26.0.jar;C:\Users\schoudhary\.m2\repository\io\opentelemetry\opentelemetry-sdk-extension-autoconfigure-spi\1.26.0\opentelemetry-sdk-extension-autoconfigure-spi-1.26.0.jar;C:\Users\schoudhary\.m2\repository\io\opentelemetry\opentelemetry-sdk-extension-autoconfigure\1.26.0-alpha\opentelemetry-sdk-extension-autoconfigure-1.26.0-alpha.jar;C:\Users\schoudhary\.m2\repository\io\opentelemetry\opentelemetry-sdk-trace\1.26.0\opentelemetry-sdk-trace-1.26.0.jar;C:\Users\schoudhary\.m2\repository\io\opentelemetry\opentelemetry-sdk\1.26.0\opentelemetry-sdk-1.26.0.jar;C:\Users\schoudhary\.m2\repository\io\opentelemetry\opentelemetry-semconv\1.26.0-alpha\opentelemetry-semconv-1.26.0-alpha.jar;C:\Users\schoudhary\.m2\repository\net\bytebuddy\byte-buddy\1.14.4\byte-buddy-1.14.4.jar;C:\Users\schoudhary\.m2\repository\org\apache\commons\commons-exec\1.3\commons-exec-1.3.jar;C:\Users\schoudhary\.m2\repository\org\asynchttpclient\async-http-client\2.12.3\async-http-client-2.12.3.jar;C:\Users\schoudhary\.m2\repository\org\asynchttpclient\async-http-client-netty-utils\2.12.3\async-http-client-netty-utils-2.12.3.jar;C:\Users\schoudhary\.m2\repository\io\netty\netty-codec-socks\4.1.60.Final\netty-codec-socks-4.1.60.Final.jar;C:\Users\schoudhary\.m2\repository\io\netty\netty-handler-proxy\4.1.60.Final\netty-handler-proxy-4.1.60.Final.jar;C:\Users\schoudhary\.m2\repository\io\netty\netty-transport-native-epoll\4.1.60.Final\netty-transport-native-epoll-4.1.60.Final-linux-x86_64.jar;C:\Users\schoudhary\.m2\repository\io\netty\netty-transport-native-kqueue\4.1.60.Final\netty-transport-native-kqueue-4.1.60.Final-osx-x86_64.jar;C:\Users\schoudhary\.m2\repository\org\reactivestreams\reactive-streams\1.0.3\reactive-streams-1.0.3.jar;C:\Users\schoudhary\.m2\repository\com\typesafe\netty\netty-reactive-streams\2.0.4\netty-reactive-streams-2.0.4.jar;C:\Users\schoudhary\.m2\repository\org\slf4j\slf4j-api\1.7.30\slf4j-api-1.7.30.jar;C:\Users\schoudhary\.m2\repository\com\sun\activation\jakarta.activation\1.2.2\jakarta.activation-1.2.2.jar;C:\Users\schoudhary\.m2\repository\org\seleniumhq\selenium\selenium-safari-driver\4.11.0\selenium-safari-driver-4.11.0.jar;C:\Users\schoudhary\.m2\repository\org\seleniumhq\selenium\selenium-support\4.11.0\selenium-support-4.11.0.jar;C:\Users\schoudhary\.m2\repository\org\apache\poi\poi\4.1.2\poi-4.1.2.jar;C:\Users\schoudhary\.m2\repository\commons-codec\commons-codec\1.13\commons-codec-1.13.jar;C:\Users\schoudhary\.m2\repository\org\apache\commons\commons-collections4\4.4\commons-collections4-4.4.jar;C:\Users\schoudhary\.m2\repository\org\apache\commons\commons-math3\3.6.1\commons-math3-3.6.1.jar;C:\Users\schoudhary\.m2\repository\com\zaxxer\SparseBitSet\1.2\SparseBitSet-1.2.jar;C:\Users\schoudhary\.m2\repository\org\apache\poi\poi-ooxml-schemas\4.1.2\poi-ooxml-schemas-4.1.2.jar;C:\Users\schoudhary\.m2\repository\org\apache\xmlbeans\xmlbeans\3.1.0\xmlbeans-3.1.0.jar;C:\Users\schoudhary\.m2\repository\org\apache\poi\poi-scratchpad\4.1.2\poi-scratchpad-4.1.2.jar;C:\Users\schoudhary\.m2\repository\org\apache\poi\poi-excelant\4.1.2\poi-excelant-4.1.2.jar;C:\Users\schoudhary\.m2\repository\org\apache\poi\poi-ooxml\4.1.2\poi-ooxml-4.1.2.jar;C:\Users\schoudhary\.m2\repository\org\apache\commons\commons-compress\1.19\commons-compress-1.19.jar;C:\Users\schoudhary\.m2\repository\com\github\virtuald\curvesapi\1.06\curvesapi-1.06.jar;C:\Users\schoudhary\.m2\repository\org\apache\ant\ant\1.8.2\ant-1.8.2.jar;C:\Users\schoudhary\.m2\repository\org\apache\ant\ant-launcher\1.8.2\ant-launcher-1.8.2.jar;C:\Users\schoudhary\.m2\repository\org\testng\testng\6.9.10\testng-6.9.10.jar;C:\Users\schoudhary\.m2\repository\com\beust\jcommander\1.48\jcommander-1.48.jar;C:\Users\schoudhary\.m2\repository\org\beanshell\bsh\2.0b4\bsh-2.0b4.jar;C:\Users\schoudhary\.m2\repository\log4j\log4j\1.2.17\log4j-1.2.17.jar;C:\Users\schoudhary\.m2\repository\com\relevantcodes\extentreports\2.41.2\extentreports-2.41.2.jar;C:\Users\schoudhary\.m2\repository\org\jsoup\jsoup\1.8.3\jsoup-1.8.3.jar;C:\Users\schoudhary\.m2\repository\org\xerial\sqlite-jdbc\3.8.11.1\sqlite-jdbc-3.8.11.1.jar;C:\Users\schoudhary\.m2\repository\org\freemarker\freemarker\2.3.23\freemarker-2.3.23.jar;C:\Users\schoudhary\.m2\repository\org\mongodb\mongodb-driver\3.0.4\mongodb-driver-3.0.4.jar;C:\Users\schoudhary\.m2\repository\org\mongodb\bson\3.0.4\bson-3.0.4.jar;C:\Users\schoudhary\.m2\repository\org\mongodb\mongodb-driver-core\3.0.4\mongodb-driver-core-3.0.4.jar;"/>
    <property name="java.vm.vendor" value="Oracle Corporation"/>
    <property name="sun.arch.data.model" value="64"/>
    <property name="user.variant" value=""/>
    <property name="java.vendor.url" value="http://java.oracle.com/"/>
    <property name="user.timezone" value="Asia/Calcutta"/>
    <property name="java.vm.specification.version" value="1.8"/>
    <property name="os.name" value="Windows 10"/>
    <property name="user.country" value="IN"/>
    <property name="sun.java.launcher" value="SUN_STANDARD"/>
    <property name="sun.boot.library.path" value="C:\Program Files\Java\jre1.8.0_331\bin"/>
    <property name="sun.java.command" value="C:\Users\schoudhary\AppData\Local\Temp\surefire2756118741161415300\surefirebooter-20230926172658586_3.jar C:\Users\schoudhary\AppData\Local\Temp\surefire2756118741161415300 2023-09-26T17-26-58_464-jvmRun1 surefire-20230926172658586_1tmp surefire_0-20230926172658586_2tmp"/>
    <property name="surefire.test.class.path" value="E:\SandeepJavaWorkspace\MemberPortal\target\test-classes;E:\SandeepJavaWorkspace\MemberPortal\target\classes;C:\Users\schoudhary\.m2\repository\org\seleniumhq\selenium\selenium-java\4.11.0\selenium-java-4.11.0.jar;C:\Users\schoudhary\.m2\repository\org\seleniumhq\selenium\selenium-api\4.11.0\selenium-api-4.11.0.jar;C:\Users\schoudhary\.m2\repository\org\seleniumhq\selenium\selenium-chrome-driver\4.11.0\selenium-chrome-driver-4.11.0.jar;C:\Users\schoudhary\.m2\repository\com\google\auto\service\auto-service-annotations\1.0.1\auto-service-annotations-1.0.1.jar;C:\Users\schoudhary\.m2\repository\com\google\guava\guava\31.1-jre\guava-31.1-jre.jar;C:\Users\schoudhary\.m2\repository\com\google\guava\failureaccess\1.0.1\failureaccess-1.0.1.jar;C:\Users\schoudhary\.m2\repository\com\google\guava\listenablefuture\9999.0-empty-to-avoid-conflict-with-guava\listenablefuture-9999.0-empty-to-avoid-conflict-with-guava.jar;C:\Users\schoudhary\.m2\repository\com\google\code\findbugs\jsr305\3.0.2\jsr305-3.0.2.jar;C:\Users\schoudhary\.m2\repository\org\checkerframework\checker-qual\3.12.0\checker-qual-3.12.0.jar;C:\Users\schoudhary\.m2\repository\com\google\errorprone\error_prone_annotations\2.11.0\error_prone_annotations-2.11.0.jar;C:\Users\schoudhary\.m2\repository\com\google\j2objc\j2objc-annotations\1.3\j2objc-annotations-1.3.jar;C:\Users\schoudhary\.m2\repository\org\seleniumhq\selenium\selenium-chromium-driver\4.11.0\selenium-chromium-driver-4.11.0.jar;C:\Users\schoudhary\.m2\repository\org\seleniumhq\selenium\selenium-json\4.11.0\selenium-json-4.11.0.jar;C:\Users\schoudhary\.m2\repository\org\seleniumhq\selenium\selenium-manager\4.11.0\selenium-manager-4.11.0.jar;C:\Users\schoudhary\.m2\repository\org\seleniumhq\selenium\selenium-devtools-v113\4.11.0\selenium-devtools-v113-4.11.0.jar;C:\Users\schoudhary\.m2\repository\org\seleniumhq\selenium\selenium-devtools-v114\4.11.0\selenium-devtools-v114-4.11.0.jar;C:\Users\schoudhary\.m2\repository\org\seleniumhq\selenium\selenium-devtools-v115\4.11.0\selenium-devtools-v115-4.11.0.jar;C:\Users\schoudhary\.m2\repository\org\seleniumhq\selenium\selenium-devtools-v85\4.11.0\selenium-devtools-v85-4.11.0.jar;C:\Users\schoudhary\.m2\repository\org\seleniumhq\selenium\selenium-edge-driver\4.11.0\selenium-edge-driver-4.11.0.jar;C:\Users\schoudhary\.m2\repository\org\seleniumhq\selenium\selenium-firefox-driver\4.11.0\selenium-firefox-driver-4.11.0.jar;C:\Users\schoudhary\.m2\repository\org\seleniumhq\selenium\selenium-http\4.11.0\selenium-http-4.11.0.jar;C:\Users\schoudhary\.m2\repository\dev\failsafe\failsafe\3.3.1\failsafe-3.3.1.jar;C:\Users\schoudhary\.m2\repository\org\seleniumhq\selenium\selenium-ie-driver\4.11.0\selenium-ie-driver-4.11.0.jar;C:\Users\schoudhary\.m2\repository\org\seleniumhq\selenium\selenium-remote-driver\4.11.0\selenium-remote-driver-4.11.0.jar;C:\Users\schoudhary\.m2\repository\io\netty\netty-buffer\4.1.92.Final\netty-buffer-4.1.92.Final.jar;C:\Users\schoudhary\.m2\repository\io\netty\netty-codec-http\4.1.92.Final\netty-codec-http-4.1.92.Final.jar;C:\Users\schoudhary\.m2\repository\io\netty\netty-codec\4.1.92.Final\netty-codec-4.1.92.Final.jar;C:\Users\schoudhary\.m2\repository\io\netty\netty-handler\4.1.92.Final\netty-handler-4.1.92.Final.jar;C:\Users\schoudhary\.m2\repository\io\netty\netty-common\4.1.92.Final\netty-common-4.1.92.Final.jar;C:\Users\schoudhary\.m2\repository\io\netty\netty-transport-classes-epoll\4.1.92.Final\netty-transport-classes-epoll-4.1.92.Final.jar;C:\Users\schoudhary\.m2\repository\io\netty\netty-transport-classes-kqueue\4.1.92.Final\netty-transport-classes-kqueue-4.1.92.Final.jar;C:\Users\schoudhary\.m2\repository\io\netty\netty-transport-native-epoll\4.1.92.Final\netty-transport-native-epoll-4.1.92.Final.jar;C:\Users\schoudhary\.m2\repository\io\netty\netty-transport-native-kqueue\4.1.92.Final\netty-transport-native-kqueue-4.1.92.Final.jar;C:\Users\schoudhary\.m2\repository\io\netty\netty-transport-native-unix-common\4.1.92.Final\netty-transport-native-unix-common-4.1.92.Final.jar;C:\Users\schoudhary\.m2\repository\io\netty\netty-transport\4.1.92.Final\netty-transport-4.1.92.Final.jar;C:\Users\schoudhary\.m2\repository\io\netty\netty-resolver\4.1.92.Final\netty-resolver-4.1.92.Final.jar;C:\Users\schoudhary\.m2\repository\io\opentelemetry\opentelemetry-api\1.26.0\opentelemetry-api-1.26.0.jar;C:\Users\schoudhary\.m2\repository\io\opentelemetry\opentelemetry-context\1.26.0\opentelemetry-context-1.26.0.jar;C:\Users\schoudhary\.m2\repository\io\opentelemetry\opentelemetry-exporter-logging\1.26.0\opentelemetry-exporter-logging-1.26.0.jar;C:\Users\schoudhary\.m2\repository\io\opentelemetry\opentelemetry-sdk-metrics\1.26.0\opentelemetry-sdk-metrics-1.26.0.jar;C:\Users\schoudhary\.m2\repository\io\opentelemetry\opentelemetry-extension-incubator\1.26.0-alpha\opentelemetry-extension-incubator-1.26.0-alpha.jar;C:\Users\schoudhary\.m2\repository\io\opentelemetry\opentelemetry-sdk-logs\1.26.0-alpha\opentelemetry-sdk-logs-1.26.0-alpha.jar;C:\Users\schoudhary\.m2\repository\io\opentelemetry\opentelemetry-api-logs\1.26.0-alpha\opentelemetry-api-logs-1.26.0-alpha.jar;C:\Users\schoudhary\.m2\repository\io\opentelemetry\opentelemetry-api-events\1.26.0-alpha\opentelemetry-api-events-1.26.0-alpha.jar;C:\Users\schoudhary\.m2\repository\io\opentelemetry\opentelemetry-sdk-common\1.26.0\opentelemetry-sdk-common-1.26.0.jar;C:\Users\schoudhary\.m2\repository\io\opentelemetry\opentelemetry-sdk-extension-autoconfigure-spi\1.26.0\opentelemetry-sdk-extension-autoconfigure-spi-1.26.0.jar;C:\Users\schoudhary\.m2\repository\io\opentelemetry\opentelemetry-sdk-extension-autoconfigure\1.26.0-alpha\opentelemetry-sdk-extension-autoconfigure-1.26.0-alpha.jar;C:\Users\schoudhary\.m2\repository\io\opentelemetry\opentelemetry-sdk-trace\1.26.0\opentelemetry-sdk-trace-1.26.0.jar;C:\Users\schoudhary\.m2\repository\io\opentelemetry\opentelemetry-sdk\1.26.0\opentelemetry-sdk-1.26.0.jar;C:\Users\schoudhary\.m2\repository\io\opentelemetry\opentelemetry-semconv\1.26.0-alpha\opentelemetry-semconv-1.26.0-alpha.jar;C:\Users\schoudhary\.m2\repository\net\bytebuddy\byte-buddy\1.14.4\byte-buddy-1.14.4.jar;C:\Users\schoudhary\.m2\repository\org\apache\commons\commons-exec\1.3\commons-exec-1.3.jar;C:\Users\schoudhary\.m2\repository\org\asynchttpclient\async-http-client\2.12.3\async-http-client-2.12.3.jar;C:\Users\schoudhary\.m2\repository\org\asynchttpclient\async-http-client-netty-utils\2.12.3\async-http-client-netty-utils-2.12.3.jar;C:\Users\schoudhary\.m2\repository\io\netty\netty-codec-socks\4.1.60.Final\netty-codec-socks-4.1.60.Final.jar;C:\Users\schoudhary\.m2\repository\io\netty\netty-handler-proxy\4.1.60.Final\netty-handler-proxy-4.1.60.Final.jar;C:\Users\schoudhary\.m2\repository\io\netty\netty-transport-native-epoll\4.1.60.Final\netty-transport-native-epoll-4.1.60.Final-linux-x86_64.jar;C:\Users\schoudhary\.m2\repository\io\netty\netty-transport-native-kqueue\4.1.60.Final\netty-transport-native-kqueue-4.1.60.Final-osx-x86_64.jar;C:\Users\schoudhary\.m2\repository\org\reactivestreams\reactive-streams\1.0.3\reactive-streams-1.0.3.jar;C:\Users\schoudhary\.m2\repository\com\typesafe\netty\netty-reactive-streams\2.0.4\netty-reactive-streams-2.0.4.jar;C:\Users\schoudhary\.m2\repository\org\slf4j\slf4j-api\1.7.30\slf4j-api-1.7.30.jar;C:\Users\schoudhary\.m2\repository\com\sun\activation\jakarta.activation\1.2.2\jakarta.activation-1.2.2.jar;C:\Users\schoudhary\.m2\repository\org\seleniumhq\selenium\selenium-safari-driver\4.11.0\selenium-safari-driver-4.11.0.jar;C:\Users\schoudhary\.m2\repository\org\seleniumhq\selenium\selenium-support\4.11.0\selenium-support-4.11.0.jar;C:\Users\schoudhary\.m2\repository\org\apache\poi\poi\4.1.2\poi-4.1.2.jar;C:\Users\schoudhary\.m2\repository\commons-codec\commons-codec\1.13\commons-codec-1.13.jar;C:\Users\schoudhary\.m2\repository\org\apache\commons\commons-collections4\4.4\commons-collections4-4.4.jar;C:\Users\schoudhary\.m2\repository\org\apache\commons\commons-math3\3.6.1\commons-math3-3.6.1.jar;C:\Users\schoudhary\.m2\repository\com\zaxxer\SparseBitSet\1.2\SparseBitSet-1.2.jar;C:\Users\schoudhary\.m2\repository\org\apache\poi\poi-ooxml-schemas\4.1.2\poi-ooxml-schemas-4.1.2.jar;C:\Users\schoudhary\.m2\repository\org\apache\xmlbeans\xmlbeans\3.1.0\xmlbeans-3.1.0.jar;C:\Users\schoudhary\.m2\repository\org\apache\poi\poi-scratchpad\4.1.2\poi-scratchpad-4.1.2.jar;C:\Users\schoudhary\.m2\repository\org\apache\poi\poi-excelant\4.1.2\poi-excelant-4.1.2.jar;C:\Users\schoudhary\.m2\repository\org\apache\poi\poi-ooxml\4.1.2\poi-ooxml-4.1.2.jar;C:\Users\schoudhary\.m2\repository\org\apache\commons\commons-compress\1.19\commons-compress-1.19.jar;C:\Users\schoudhary\.m2\repository\com\github\virtuald\curvesapi\1.06\curvesapi-1.06.jar;C:\Users\schoudhary\.m2\repository\org\apache\ant\ant\1.8.2\ant-1.8.2.jar;C:\Users\schoudhary\.m2\repository\org\apache\ant\ant-launcher\1.8.2\ant-launcher-1.8.2.jar;C:\Users\schoudhary\.m2\repository\org\testng\testng\6.9.10\testng-6.9.10.jar;C:\Users\schoudhary\.m2\repository\com\beust\jcommander\1.48\jcommander-1.48.jar;C:\Users\schoudhary\.m2\repository\org\beanshell\bsh\2.0b4\bsh-2.0b4.jar;C:\Users\schoudhary\.m2\repository\log4j\log4j\1.2.17\log4j-1.2.17.jar;C:\Users\schoudhary\.m2\repository\com\relevantcodes\extentreports\2.41.2\extentreports-2.41.2.jar;C:\Users\schoudhary\.m2\repository\org\jsoup\jsoup\1.8.3\jsoup-1.8.3.jar;C:\Users\schoudhary\.m2\repository\org\xerial\sqlite-jdbc\3.8.11.1\sqlite-jdbc-3.8.11.1.jar;C:\Users\schoudhary\.m2\repository\org\freemarker\freemarker\2.3.23\freemarker-2.3.23.jar;C:\Users\schoudhary\.m2\repository\org\mongodb\mongodb-driver\3.0.4\mongodb-driver-3.0.4.jar;C:\Users\schoudhary\.m2\repository\org\mongodb\bson\3.0.4\bson-3.0.4.jar;C:\Users\schoudhary\.m2\repository\org\mongodb\mongodb-driver-core\3.0.4\mongodb-driver-core-3.0.4.jar;"/>
    <property name="sun.cpu.endian" value="little"/>
    <property name="user.home" value="C:\Users\schoudhary"/>
    <property name="user.language" value="en"/>
    <property name="java.specification.vendor" value="Oracle Corporation"/>
    <property name="java.home" value="C:\Program Files\Java\jre1.8.0_331"/>
    <property name="basedir" value="E:\SandeepJavaWorkspace\MemberPortal"/>
    <property name="file.separator" value="\"/>
    <property name="line.separator" value="&#10;"/>
    <property name="java.vm.specification.vendor" value="Oracle Corporation"/>
    <property name="java.specification.name" value="Java Platform API Specification"/>
    <property name="java.awt.graphicsenv" value="sun.awt.Win32GraphicsEnvironment"/>
    <property name="surefire.real.class.path" value="C:\Users\schoudhary\AppData\Local\Temp\surefire2756118741161415300\surefirebooter-20230926172658586_3.jar"/>
    <property name="sun.boot.class.path" value="C:\Program Files\Java\jre1.8.0_331\lib\resources.jar;C:\Program Files\Java\jre1.8.0_331\lib\rt.jar;C:\Program Files\Java\jre1.8.0_331\lib\sunrsasign.jar;C:\Program Files\Java\jre1.8.0_331\lib\jsse.jar;C:\Program Files\Java\jre1.8.0_331\lib\jce.jar;C:\Program Files\Java\jre1.8.0_331\lib\charsets.jar;C:\Program Files\Java\jre1.8.0_331\lib\jfr.jar;C:\Program Files\Java\jre1.8.0_331\classes"/>
    <property name="user.script" value=""/>
    <property name="sun.management.compiler" value="HotSpot 64-Bit Tiered Compilers"/>
    <property name="java.runtime.version" value="1.8.0_331-b09"/>
    <property name="user.name" value="schoudhary"/>
    <property name="path.separator" value=";"/>
    <property name="os.version" value="10.0"/>
    <property name="java.endorsed.dirs" value="C:\Program Files\Java\jre1.8.0_331\lib\endorsed"/>
    <property name="java.runtime.name" value="Java(TM) SE Runtime Environment"/>
    <property name="file.encoding" value="Cp1252"/>
    <property name="java.vm.name" value="Java HotSpot(TM) 64-Bit Server VM"/>
    <property name="localRepository" value="C:\Users\schoudhary\.m2\repository"/>
    <property name="java.vendor.url.bug" value="http://bugreport.sun.com/bugreport/"/>
    <property name="java.io.tmpdir" value="C:\Users\SCHOUD~1\AppData\Local\Temp\"/>
    <property name="java.version" value="1.8.0_331"/>
    <property name="user.dir" value="E:\SandeepJavaWorkspace\MemberPortal"/>
    <property name="os.arch" value="amd64"/>
    <property name="java.vm.specification.name" value="Java Virtual Machine Specification"/>
    <property name="java.awt.printerjob" value="sun.awt.windows.WPrinterJob"/>
    <property name="sun.os.patch.level" value=""/>
    <property name="java.library.path" value="C:\Program Files\Java\jre1.8.0_331\bin;C:\Windows\Sun\Java\bin;C:\Windows\system32;C:\Windows;C:/Program Files/Java/jre1.8.0_331/bin/server;C:/Program Files/Java/jre1.8.0_331/bin;C:/Program Files/Java/jre1.8.0_331/lib/amd64;C:\Program Files (x86)\Common Files\Oracle\Java\javapath;C:\Windows\system32;C:\Windows;C:\Windows\System32\Wbem;C:\Windows\System32\WindowsPowerShell\v1.0\;C:\Windows\System32\OpenSSH\;C:\ProgramData\chocolatey\bin;C:\Program Files\Microsoft VS Code\bin;C:\Program Files\Microsoft SQL Server\Client SDK\ODBC\110\Tools\Binn\;C:\Program Files (x86)\Microsoft SQL Server\120\Tools\Binn\ManagementStudio\;C:\Program Files (x86)\Microsoft SQL Server\120\Tools\Binn\;C:\Program Files\Microsoft SQL Server\120\Tools\Binn\;C:\Program Files (x86)\Microsoft SQL Server\120\DTS\Binn\;C:\Program Files\Microsoft SQL Server\120\DTS\Binn\;C:\Program Files\Java\jdk1.8.0_202\bin;C:\Program Files\Git\cmd;E:\apache-maven-3.8.5\bin;C:\Program Files\dotnet\;C:\Program Files\nodejs\;C:\Users\schoudhary\AppData\Local\Android\Sdk\platform-tools;C:\Users\schoudhary\AppData\Local\Android\Sdk\cmdline-tools;C:\Program Files\Java\jdk1.8.0_202\bin;C:\Users\schoudhary\AppData\Local\Microsoft\WindowsApps;C:\Users\schoudhary\AppData\Roaming\npm;C:\Eclipse neon3\eclipse;;."/>
    <property name="java.vm.info" value="mixed mode"/>
    <property name="java.vendor" value="Oracle Corporation"/>
    <property name="java.vm.version" value="25.331-b09"/>
    <property name="java.ext.dirs" value="C:\Program Files\Java\jre1.8.0_331\lib\ext;C:\Windows\Sun\Java\lib\ext"/>
    <property name="sun.io.unicode.encoding" value="UnicodeLittle"/>
    <property name="java.class.version" value="52.0"/>
  </properties>
  <testcase name="ValidLoginTest" classname="WebApp.MemberPortal.testcases.LoginPageTestCases" time="26.211">
    <system-out><![CDATA[[TestRunner] Running the tests in 'MemberPortalTestCases' with parallel mode:false
[RunInfo] Adding method selector: org.testng.internal.XmlMethodSelector@153f5a29 priority: 10
[TestClass] Creating TestClass for [ClassImpl class=WebApp.MemberPortal.testcases.LoginPageTestCases]
[TestClass] Adding method LoginPageTestCases.validLoginAbcAustinTest()[pri:0, instance:null] on TestClass class WebApp.MemberPortal.testcases.LoginPageTestCases
[TestClass] Adding method LoginPageTestCases.invalidPwdLoginTest()[pri:0, instance:null] on TestClass class WebApp.MemberPortal.testcases.LoginPageTestCases
[TestClass] Adding method LoginPageTestCases.ValidLoginTest()[pri:0, instance:null] on TestClass class WebApp.MemberPortal.testcases.LoginPageTestCases
[TestClass] Adding method LoginPageTestCases.LoginPageTitleTest()[pri:1, instance:null] on TestClass class WebApp.MemberPortal.testcases.LoginPageTestCases
[TestClass] Adding method LoginPageTestCases.verifyEmptyLoginErrorMsgTest()[pri:0, instance:null] on TestClass class WebApp.MemberPortal.testcases.LoginPageTestCases
[TestClass] Adding method LoginPageTestCases.signUpLinkTest()[pri:0, instance:null] on TestClass class WebApp.MemberPortal.testcases.LoginPageTestCases
[TestClass] Adding method LoginPageTestCases.invalidEmailLoginTest()[pri:0, instance:null] on TestClass class WebApp.MemberPortal.testcases.LoginPageTestCases
[XmlMethodSelector] Including method WebApp.MemberPortal.testcases.setUp()
[XmlMethodSelector] Including method WebApp.MemberPortal.BaseClass.tearDown()
[XmlMethodSelector] Including method WebApp.MemberPortal.testcases.validLoginAbcAustinTest()
[XmlMethodSelector] Including method WebApp.MemberPortal.testcases.invalidPwdLoginTest()
[XmlMethodSelector] Including method WebApp.MemberPortal.testcases.ValidLoginTest()
[XmlMethodSelector] Including method WebApp.MemberPortal.testcases.LoginPageTitleTest()
[XmlMethodSelector] Including method WebApp.MemberPortal.testcases.verifyEmptyLoginErrorMsgTest()
[XmlMethodSelector] Including method WebApp.MemberPortal.testcases.signUpLinkTest()
[XmlMethodSelector] Including method WebApp.MemberPortal.testcases.invalidEmailLoginTest()
[SuiteRunner] Created 1 TestRunners
[TestRunner] Running test MemberPortalTestCases on 1  classes,  included groups:[] excluded groups:[]
===== Test class
WebApp.MemberPortal.testcases.LoginPageTestCases
  @BeforeMethod LoginPageTestCases.setUp()[pri:0, instance:WebApp.MemberPortal.testcases.LoginPageTestCases@66a3ffec]
    @Test LoginPageTestCases.validLoginAbcAustinTest()[pri:0, instance:WebApp.MemberPortal.testcases.LoginPageTestCases@66a3ffec]
    @Test LoginPageTestCases.invalidPwdLoginTest()[pri:0, instance:WebApp.MemberPortal.testcases.LoginPageTestCases@66a3ffec]
    @Test LoginPageTestCases.ValidLoginTest()[pri:0, instance:WebApp.MemberPortal.testcases.LoginPageTestCases@66a3ffec]
    @Test LoginPageTestCases.LoginPageTitleTest()[pri:1, instance:WebApp.MemberPortal.testcases.LoginPageTestCases@66a3ffec]
    @Test LoginPageTestCases.verifyEmptyLoginErrorMsgTest()[pri:0, instance:WebApp.MemberPortal.testcases.LoginPageTestCases@66a3ffec]
    @Test LoginPageTestCases.signUpLinkTest()[pri:0, instance:WebApp.MemberPortal.testcases.LoginPageTestCases@66a3ffec]
    @Test LoginPageTestCases.invalidEmailLoginTest()[pri:0, instance:WebApp.MemberPortal.testcases.LoginPageTestCases@66a3ffec]
  @AfterMethod WebBase.tearDown()[pri:0, instance:WebApp.MemberPortal.testcases.LoginPageTestCases@66a3ffec]
======
[TestRunner] Starting executor for test MemberPortalTestCases with time out:2147483647 milliseconds.
[Invoker 1884130998] Invoking @BeforeMethod LoginPageTestCases.setUp()[pri:0, instance:WebApp.MemberPortal.testcases.LoginPageTestCases@66a3ffec]
Before navigating to: 'https://member-dev.smartac.com/login/'
Navigated to:'https://member-dev.smartac.com/login/'
[Invoker 1884130998] Invoking WebApp.MemberPortal.testcases.LoginPageTestCases.ValidLoginTest
Trying to find Element By : By.id: email
Found Element By : By.id: email
Trying to find Element By : By.id: email
Found Element By : By.id: email
Trying to find Element By : By.id: password
Found Element By : By.id: password
Trying to find Element By : By.id: password
Found Element By : By.id: password
Trying to find Element By : By.xpath: //button[@class='l-button']
Found Element By : By.xpath: //button[@class='l-button']
Trying to click on: [[ChromeDriver: chrome on windows (c08b2ea91353b819d4864a987e0637f5)] -> xpath: //button[@class='l-button']]
Clicked on: [[ChromeDriver: chrome on windows (c08b2ea91353b819d4864a987e0637f5)] -> xpath: //button[@class='l-button']]
Trying to find Element By : By.xpath: //div[text()=' Profile ' and @class='p-header']
Found Element By : By.xpath: //div[text()=' Profile ' and @class='p-header']
]]></system-out>
    <system-err><![CDATA[SLF4J: Failed to load class "org.slf4j.impl.StaticLoggerBinder".
SLF4J: Defaulting to no-operation (NOP) logger implementation
SLF4J: See http://www.slf4j.org/codes.html#StaticLoggerBinder for further details.
Sep 26, 2023 5:27:03 PM org.openqa.selenium.devtools.CdpVersionFinder findNearestMatch
WARNING: Unable to find an exact match for CDP version 116, so returning the closest version found: 115
]]></system-err>
  </testcase>
  <testcase name="invalidEmailLoginTest" classname="WebApp.MemberPortal.testcases.LoginPageTestCases" time="0.0">
    <skipped message="Keys to send should be a not null CharSequence"/>
    <system-out><![CDATA[[Invoker 1884130998] Invoking @AfterMethod WebBase.tearDown()[pri:0, instance:WebApp.MemberPortal.testcases.LoginPageTestCases@66a3ffec]
[Invoker 1884130998] Invoking @BeforeMethod LoginPageTestCases.setUp()[pri:0, instance:WebApp.MemberPortal.testcases.LoginPageTestCases@66a3ffec]
Before navigating to: 'https://member-dev.smartac.com/login/'
Navigated to:'https://member-dev.smartac.com/login/'
[Invoker 1884130998] Invoking WebApp.MemberPortal.testcases.LoginPageTestCases.invalidEmailLoginTest
Trying to find Element By : By.id: email
Found Element By : By.id: email
Trying to find Element By : By.id: email
Found Element By : By.id: email
Trying to find Element By : By.id: password
Found Element By : By.id: password
Trying to find Element By : By.id: password
Found Element By : By.id: password
Exception has been occured: java.lang.IllegalArgumentException: Keys to send should be a not null CharSequence
]]></system-out>
    <system-err><![CDATA[Sep 26, 2023 5:28:00 PM org.openqa.selenium.devtools.CdpVersionFinder findNearestMatch
WARNING: Unable to find an exact match for CDP version 116, so returning the closest version found: 115
]]></system-err>
  </testcase>
  <testcase name="invalidEmailLoginTest" classname="WebApp.MemberPortal.testcases.LoginPageTestCases" time="0.0">
    <skipped message="Keys to send should be a not null CharSequence"/>
    <system-out><![CDATA[[Invoker 1884130998] Invoking @AfterMethod WebBase.tearDown()[pri:0, instance:WebApp.MemberPortal.testcases.LoginPageTestCases@66a3ffec]
[Invoker 1884130998] Invoking @BeforeMethod LoginPageTestCases.setUp()[pri:0, instance:WebApp.MemberPortal.testcases.LoginPageTestCases@66a3ffec]
Before navigating to: 'https://member-dev.smartac.com/login/'
Navigated to:'https://member-dev.smartac.com/login/'
[Invoker 1884130998] Invoking WebApp.MemberPortal.testcases.LoginPageTestCases.invalidEmailLoginTest
Trying to find Element By : By.id: email
Found Element By : By.id: email
Trying to find Element By : By.id: email
Found Element By : By.id: email
Trying to find Element By : By.id: password
Found Element By : By.id: password
Trying to find Element By : By.id: password
Found Element By : By.id: password
Exception has been occured: java.lang.IllegalArgumentException: Keys to send should be a not null CharSequence
]]></system-out>
    <system-err><![CDATA[Sep 26, 2023 5:28:28 PM org.openqa.selenium.devtools.CdpVersionFinder findNearestMatch
WARNING: Unable to find an exact match for CDP version 116, so returning the closest version found: 115
]]></system-err>
  </testcase>
  <testcase name="invalidEmailLoginTest" classname="WebApp.MemberPortal.testcases.LoginPageTestCases" time="0.342">
    <failure message="Keys to send should be a not null CharSequence" type="java.lang.IllegalArgumentException"><![CDATA[java.lang.IllegalArgumentException: Keys to send should be a not null CharSequence
	at org.openqa.selenium.remote.RemoteWebElement.sendKeys(RemoteWebElement.java:97)
	at sun.reflect.NativeMethodAccessorImpl.invoke0(Native Method)
	at sun.reflect.NativeMethodAccessorImpl.invoke(Unknown Source)
	at sun.reflect.DelegatingMethodAccessorImpl.invoke(Unknown Source)
	at java.lang.reflect.Method.invoke(Unknown Source)
	at org.openqa.selenium.support.events.EventFiringWebDriver$EventFiringWebElement.lambda$new$0(EventFiringWebDriver.java:375)
	at com.sun.proxy.$Proxy16.sendKeys(Unknown Source)
	at org.openqa.selenium.support.events.EventFiringWebDriver$EventFiringWebElement.sendKeys(EventFiringWebDriver.java:399)
	at sun.reflect.NativeMethodAccessorImpl.invoke0(Native Method)
	at sun.reflect.NativeMethodAccessorImpl.invoke(Unknown Source)
	at sun.reflect.DelegatingMethodAccessorImpl.invoke(Unknown Source)
	at java.lang.reflect.Method.invoke(Unknown Source)
	at org.openqa.selenium.support.pagefactory.internal.LocatingElementHandler.invoke(LocatingElementHandler.java:51)
	at com.sun.proxy.$Proxy15.sendKeys(Unknown Source)
	at WebApp.MemberPortal.Pages.LoginPage.invalidEmailLogin(LoginPage.java:109)
	at WebApp.MemberPortal.testcases.LoginPageTestCases.invalidEmailLoginTest(LoginPageTestCases.java:87)
	at sun.reflect.NativeMethodAccessorImpl.invoke0(Native Method)
	at sun.reflect.NativeMethodAccessorImpl.invoke(Unknown Source)
	at sun.reflect.DelegatingMethodAccessorImpl.invoke(Unknown Source)
	at java.lang.reflect.Method.invoke(Unknown Source)
	at org.testng.internal.MethodInvocationHelper.invokeMethod(MethodInvocationHelper.java:86)
	at org.testng.internal.Invoker.invokeMethod(Invoker.java:643)
	at org.testng.internal.Invoker.retryFailed(Invoker.java:967)
	at org.testng.internal.Invoker.invokeTestMethods(Invoker.java:1146)
	at org.testng.internal.TestMethodWorker.invokeTestMethods(TestMethodWorker.java:129)
	at org.testng.internal.TestMethodWorker.run(TestMethodWorker.java:112)
	at java.util.concurrent.ThreadPoolExecutor.runWorker(Unknown Source)
	at java.util.concurrent.ThreadPoolExecutor$Worker.run(Unknown Source)
	at java.lang.Thread.run(Unknown Source)
]]></failure>
    <system-out><![CDATA[[Invoker 1884130998] Invoking @AfterMethod WebBase.tearDown()[pri:0, instance:WebApp.MemberPortal.testcases.LoginPageTestCases@66a3ffec]
[Invoker 1884130998] Invoking @BeforeMethod LoginPageTestCases.setUp()[pri:0, instance:WebApp.MemberPortal.testcases.LoginPageTestCases@66a3ffec]
Before navigating to: 'https://member-dev.smartac.com/login/'
Navigated to:'https://member-dev.smartac.com/login/'
[Invoker 1884130998] Invoking WebApp.MemberPortal.testcases.LoginPageTestCases.invalidEmailLoginTest
Trying to find Element By : By.id: email
Found Element By : By.id: email
Trying to find Element By : By.id: email
Found Element By : By.id: email
Trying to find Element By : By.id: password
Found Element By : By.id: password
Trying to find Element By : By.id: password
Found Element By : By.id: password
Exception has been occured: java.lang.IllegalArgumentException: Keys to send should be a not null CharSequence
Test case is failed and screenshot is taken
]]></system-out>
    <system-err><![CDATA[Sep 26, 2023 5:28:42 PM org.openqa.selenium.devtools.CdpVersionFinder findNearestMatch
WARNING: Unable to find an exact match for CDP version 116, so returning the closest version found: 115
]]></system-err>
  </testcase>
  <testcase name="invalidPwdLoginTest" classname="WebApp.MemberPortal.testcases.LoginPageTestCases" time="0.0">
    <skipped message="Keys to send should be a not null CharSequence"/>
    <system-out><![CDATA[[Invoker 1884130998] Invoking @AfterMethod WebBase.tearDown()[pri:0, instance:WebApp.MemberPortal.testcases.LoginPageTestCases@66a3ffec]
[Invoker 1884130998] Invoking @BeforeMethod LoginPageTestCases.setUp()[pri:0, instance:WebApp.MemberPortal.testcases.LoginPageTestCases@66a3ffec]
Before navigating to: 'https://member-dev.smartac.com/login/'
Navigated to:'https://member-dev.smartac.com/login/'
[Invoker 1884130998] Invoking WebApp.MemberPortal.testcases.LoginPageTestCases.invalidPwdLoginTest
Trying to find Element By : By.id: email
Found Element By : By.id: email
Trying to find Element By : By.id: email
Found Element By : By.id: email
Exception has been occured: java.lang.IllegalArgumentException: Keys to send should be a not null CharSequence
]]></system-out>
    <system-err><![CDATA[Sep 26, 2023 5:28:57 PM org.openqa.selenium.devtools.CdpVersionFinder findNearestMatch
WARNING: Unable to find an exact match for CDP version 116, so returning the closest version found: 115
]]></system-err>
  </testcase>
  <testcase name="invalidPwdLoginTest" classname="WebApp.MemberPortal.testcases.LoginPageTestCases" time="0.0">
    <skipped message="Keys to send should be a not null CharSequence"/>
    <system-out><![CDATA[[Invoker 1884130998] Invoking @AfterMethod WebBase.tearDown()[pri:0, instance:WebApp.MemberPortal.testcases.LoginPageTestCases@66a3ffec]
[Invoker 1884130998] Invoking @BeforeMethod LoginPageTestCases.setUp()[pri:0, instance:WebApp.MemberPortal.testcases.LoginPageTestCases@66a3ffec]
Before navigating to: 'https://member-dev.smartac.com/login/'
Navigated to:'https://member-dev.smartac.com/login/'
[Invoker 1884130998] Invoking WebApp.MemberPortal.testcases.LoginPageTestCases.invalidPwdLoginTest
Trying to find Element By : By.id: email
Found Element By : By.id: email
Trying to find Element By : By.id: email
Found Element By : By.id: email
Exception has been occured: java.lang.IllegalArgumentException: Keys to send should be a not null CharSequence
]]></system-out>
    <system-err><![CDATA[Sep 26, 2023 5:29:09 PM org.openqa.selenium.devtools.CdpVersionFinder findNearestMatch
WARNING: Unable to find an exact match for CDP version 116, so returning the closest version found: 115
]]></system-err>
  </testcase>
  <testcase name="invalidPwdLoginTest" classname="WebApp.MemberPortal.testcases.LoginPageTestCases" time="0.296">
    <failure message="Keys to send should be a not null CharSequence" type="java.lang.IllegalArgumentException"><![CDATA[java.lang.IllegalArgumentException: Keys to send should be a not null CharSequence
	at org.openqa.selenium.remote.RemoteWebElement.sendKeys(RemoteWebElement.java:97)
	at sun.reflect.GeneratedMethodAccessor12.invoke(Unknown Source)
	at sun.reflect.DelegatingMethodAccessorImpl.invoke(Unknown Source)
	at java.lang.reflect.Method.invoke(Unknown Source)
	at org.openqa.selenium.support.events.EventFiringWebDriver$EventFiringWebElement.lambda$new$0(EventFiringWebDriver.java:375)
	at com.sun.proxy.$Proxy16.sendKeys(Unknown Source)
	at org.openqa.selenium.support.events.EventFiringWebDriver$EventFiringWebElement.sendKeys(EventFiringWebDriver.java:399)
	at sun.reflect.GeneratedMethodAccessor12.invoke(Unknown Source)
	at sun.reflect.DelegatingMethodAccessorImpl.invoke(Unknown Source)
	at java.lang.reflect.Method.invoke(Unknown Source)
	at org.openqa.selenium.support.pagefactory.internal.LocatingElementHandler.invoke(LocatingElementHandler.java:51)
	at com.sun.proxy.$Proxy15.sendKeys(Unknown Source)
	at WebApp.MemberPortal.Pages.LoginPage.invalidPwdLogin(LoginPage.java:95)
	at WebApp.MemberPortal.testcases.LoginPageTestCases.invalidPwdLoginTest(LoginPageTestCases.java:81)
	at sun.reflect.NativeMethodAccessorImpl.invoke0(Native Method)
	at sun.reflect.NativeMethodAccessorImpl.invoke(Unknown Source)
	at sun.reflect.DelegatingMethodAccessorImpl.invoke(Unknown Source)
	at java.lang.reflect.Method.invoke(Unknown Source)
	at org.testng.internal.MethodInvocationHelper.invokeMethod(MethodInvocationHelper.java:86)
	at org.testng.internal.Invoker.invokeMethod(Invoker.java:643)
	at org.testng.internal.Invoker.retryFailed(Invoker.java:967)
	at org.testng.internal.Invoker.invokeTestMethods(Invoker.java:1146)
	at org.testng.internal.TestMethodWorker.invokeTestMethods(TestMethodWorker.java:129)
	at org.testng.internal.TestMethodWorker.run(TestMethodWorker.java:112)
	at java.util.concurrent.ThreadPoolExecutor.runWorker(Unknown Source)
	at java.util.concurrent.ThreadPoolExecutor$Worker.run(Unknown Source)
	at java.lang.Thread.run(Unknown Source)
]]></failure>
    <system-out><![CDATA[[Invoker 1884130998] Invoking @AfterMethod WebBase.tearDown()[pri:0, instance:WebApp.MemberPortal.testcases.LoginPageTestCases@66a3ffec]
[Invoker 1884130998] Invoking @BeforeMethod LoginPageTestCases.setUp()[pri:0, instance:WebApp.MemberPortal.testcases.LoginPageTestCases@66a3ffec]
Before navigating to: 'https://member-dev.smartac.com/login/'
Navigated to:'https://member-dev.smartac.com/login/'
[Invoker 1884130998] Invoking WebApp.MemberPortal.testcases.LoginPageTestCases.invalidPwdLoginTest
Trying to find Element By : By.id: email
Found Element By : By.id: email
Trying to find Element By : By.id: email
Found Element By : By.id: email
Exception has been occured: java.lang.IllegalArgumentException: Keys to send should be a not null CharSequence
Test case is failed and screenshot is taken
]]></system-out>
    <system-err><![CDATA[Sep 26, 2023 5:29:22 PM org.openqa.selenium.devtools.CdpVersionFinder findNearestMatch
WARNING: Unable to find an exact match for CDP version 116, so returning the closest version found: 115
]]></system-err>
  </testcase>
  <testcase name="signUpLinkTest" classname="WebApp.MemberPortal.testcases.LoginPageTestCases" time="0.0">
    <skipped/>
    <system-out><![CDATA[[Invoker 1884130998] Invoking @AfterMethod WebBase.tearDown()[pri:0, instance:WebApp.MemberPortal.testcases.LoginPageTestCases@66a3ffec]
[Invoker 1884130998] Invoking @BeforeMethod LoginPageTestCases.setUp()[pri:0, instance:WebApp.MemberPortal.testcases.LoginPageTestCases@66a3ffec]
Before navigating to: 'https://member-dev.smartac.com/login/'
Navigated to:'https://member-dev.smartac.com/login/'
[Invoker 1884130998] Invoking WebApp.MemberPortal.testcases.LoginPageTestCases.signUpLinkTest
]]></system-out>
    <system-err><![CDATA[Sep 26, 2023 5:29:36 PM org.openqa.selenium.devtools.CdpVersionFinder findNearestMatch
WARNING: Unable to find an exact match for CDP version 116, so returning the closest version found: 115
]]></system-err>
  </testcase>
  <testcase name="signUpLinkTest" classname="WebApp.MemberPortal.testcases.LoginPageTestCases" time="0.0">
    <skipped/>
    <system-out><![CDATA[[Invoker 1884130998] Invoking @AfterMethod WebBase.tearDown()[pri:0, instance:WebApp.MemberPortal.testcases.LoginPageTestCases@66a3ffec]
[Invoker 1884130998] Invoking @BeforeMethod LoginPageTestCases.setUp()[pri:0, instance:WebApp.MemberPortal.testcases.LoginPageTestCases@66a3ffec]
Before navigating to: 'https://member-dev.smartac.com/login/'
Navigated to:'https://member-dev.smartac.com/login/'
[Invoker 1884130998] Invoking WebApp.MemberPortal.testcases.LoginPageTestCases.signUpLinkTest
]]></system-out>
    <system-err><![CDATA[Sep 26, 2023 5:29:51 PM org.openqa.selenium.devtools.CdpVersionFinder findNearestMatch
WARNING: Unable to find an exact match for CDP version 116, so returning the closest version found: 115
]]></system-err>
  </testcase>
  <testcase name="signUpLinkTest" classname="WebApp.MemberPortal.testcases.LoginPageTestCases" time="0.328">
    <failure type="java.lang.NullPointerException"><![CDATA[java.lang.NullPointerException
	at WebApp.MemberPortal.Pages.LoginPage.signUpLink(LoginPage.java:133)
	at WebApp.MemberPortal.testcases.LoginPageTestCases.signUpLinkTest(LoginPageTestCases.java:121)
	at sun.reflect.NativeMethodAccessorImpl.invoke0(Native Method)
	at sun.reflect.NativeMethodAccessorImpl.invoke(Unknown Source)
	at sun.reflect.DelegatingMethodAccessorImpl.invoke(Unknown Source)
	at java.lang.reflect.Method.invoke(Unknown Source)
	at org.testng.internal.MethodInvocationHelper.invokeMethod(MethodInvocationHelper.java:86)
	at org.testng.internal.Invoker.invokeMethod(Invoker.java:643)
	at org.testng.internal.Invoker.retryFailed(Invoker.java:967)
	at org.testng.internal.Invoker.invokeTestMethods(Invoker.java:1146)
	at org.testng.internal.TestMethodWorker.invokeTestMethods(TestMethodWorker.java:129)
	at org.testng.internal.TestMethodWorker.run(TestMethodWorker.java:112)
	at java.util.concurrent.ThreadPoolExecutor.runWorker(Unknown Source)
	at java.util.concurrent.ThreadPoolExecutor$Worker.run(Unknown Source)
	at java.lang.Thread.run(Unknown Source)
]]></failure>
    <system-out><![CDATA[[Invoker 1884130998] Invoking @AfterMethod WebBase.tearDown()[pri:0, instance:WebApp.MemberPortal.testcases.LoginPageTestCases@66a3ffec]
[Invoker 1884130998] Invoking @BeforeMethod LoginPageTestCases.setUp()[pri:0, instance:WebApp.MemberPortal.testcases.LoginPageTestCases@66a3ffec]
Before navigating to: 'https://member-dev.smartac.com/login/'
Navigated to:'https://member-dev.smartac.com/login/'
[Invoker 1884130998] Invoking WebApp.MemberPortal.testcases.LoginPageTestCases.signUpLinkTest
Test case is failed and screenshot is taken
]]></system-out>
    <system-err><![CDATA[Sep 26, 2023 5:30:04 PM org.openqa.selenium.devtools.CdpVersionFinder findNearestMatch
WARNING: Unable to find an exact match for CDP version 116, so returning the closest version found: 115
]]></system-err>
  </testcase>
  <testcase name="validLoginAbcAustinTest" classname="WebApp.MemberPortal.testcases.LoginPageTestCases" time="11.446">
    <system-out><![CDATA[[Invoker 1884130998] Invoking @AfterMethod WebBase.tearDown()[pri:0, instance:WebApp.MemberPortal.testcases.LoginPageTestCases@66a3ffec]
[Invoker 1884130998] Invoking @BeforeMethod LoginPageTestCases.setUp()[pri:0, instance:WebApp.MemberPortal.testcases.LoginPageTestCases@66a3ffec]
Before navigating to: 'https://member-dev.smartac.com/login/'
Navigated to:'https://member-dev.smartac.com/login/'
[Invoker 1884130998] Invoking WebApp.MemberPortal.testcases.LoginPageTestCases.validLoginAbcAustinTest
Trying to find Element By : By.id: email
Found Element By : By.id: email
Trying to find Element By : By.id: email
Found Element By : By.id: email
Trying to find Element By : By.id: password
Found Element By : By.id: password
Trying to find Element By : By.id: password
Found Element By : By.id: password
Trying to find Element By : By.xpath: //button[@class='l-button']
Found Element By : By.xpath: //button[@class='l-button']
Trying to click on: [[ChromeDriver: chrome on windows (bc8c99047e8830a4ce600f1073c9ca2a)] -> xpath: //button[@class='l-button']]
Clicked on: [[ChromeDriver: chrome on windows (bc8c99047e8830a4ce600f1073c9ca2a)] -> xpath: //button[@class='l-button']]
Trying to find Element By : By.xpath: //b[text()='abc.agarza@gmail.com']
Found Element By : By.xpath: //b[text()='abc.agarza@gmail.com']
]]></system-out>
    <system-err><![CDATA[Sep 26, 2023 5:30:17 PM org.openqa.selenium.devtools.CdpVersionFinder findNearestMatch
WARNING: Unable to find an exact match for CDP version 116, so returning the closest version found: 115
]]></system-err>
  </testcase>
  <testcase name="verifyEmptyLoginErrorMsgTest" classname="WebApp.MemberPortal.testcases.LoginPageTestCases" time="0.214">
    <system-out><![CDATA[[Invoker 1884130998] Invoking @AfterMethod WebBase.tearDown()[pri:0, instance:WebApp.MemberPortal.testcases.LoginPageTestCases@66a3ffec]
[Invoker 1884130998] Invoking @BeforeMethod LoginPageTestCases.setUp()[pri:0, instance:WebApp.MemberPortal.testcases.LoginPageTestCases@66a3ffec]
Before navigating to: 'https://member-dev.smartac.com/login/'
Navigated to:'https://member-dev.smartac.com/login/'
[Invoker 1884130998] Invoking WebApp.MemberPortal.testcases.LoginPageTestCases.verifyEmptyLoginErrorMsgTest
Trying to find Element By : By.id: email
Found Element By : By.id: email
Trying to find Element By : By.id: password
Found Element By : By.id: password
Trying to find Element By : By.xpath: //button[@class='l-button']
Found Element By : By.xpath: //button[@class='l-button']
Trying to click on: [[ChromeDriver: chrome on windows (10a18066c4ac13810ab0eec906c30a53)] -> xpath: //button[@class='l-button']]
Clicked on: [[ChromeDriver: chrome on windows (10a18066c4ac13810ab0eec906c30a53)] -> xpath: //button[@class='l-button']]
Trying to find Element By : By.xpath: //div[contains(text(),'Email is required.') and @class='error-message']
Found Element By : By.xpath: //div[contains(text(),'Email is required.') and @class='error-message']
Trying to find Element By : By.xpath: //div[contains(text(),'Password is required.') and @class='error-message']
Found Element By : By.xpath: //div[contains(text(),'Password is required.') and @class='error-message']
Trying to find Element By : By.xpath: //div[contains(text(),'Email is required.') and @class='error-message']
Found Element By : By.xpath: //div[contains(text(),'Email is required.') and @class='error-message']
Trying to find Element By : By.xpath: //div[contains(text(),'Password is required.') and @class='error-message']
Found Element By : By.xpath: //div[contains(text(),'Password is required.') and @class='error-message']
]]></system-out>
    <system-err><![CDATA[Sep 26, 2023 5:30:41 PM org.openqa.selenium.devtools.CdpVersionFinder findNearestMatch
WARNING: Unable to find an exact match for CDP version 116, so returning the closest version found: 115
]]></system-err>
  </testcase>
  <testcase name="LoginPageTitleTest" classname="WebApp.MemberPortal.testcases.LoginPageTestCases" time="0.01">
    <system-out><![CDATA[[Invoker 1884130998] Invoking @AfterMethod WebBase.tearDown()[pri:0, instance:WebApp.MemberPortal.testcases.LoginPageTestCases@66a3ffec]
[Invoker 1884130998] Invoking @BeforeMethod LoginPageTestCases.setUp()[pri:0, instance:WebApp.MemberPortal.testcases.LoginPageTestCases@66a3ffec]
Before navigating to: 'https://member-dev.smartac.com/login/'
Navigated to:'https://member-dev.smartac.com/login/'
[Invoker 1884130998] Invoking WebApp.MemberPortal.testcases.LoginPageTestCases.LoginPageTitleTest
]]></system-out>
    <system-err><![CDATA[Sep 26, 2023 5:30:54 PM org.openqa.selenium.devtools.CdpVersionFinder findNearestMatch
WARNING: Unable to find an exact match for CDP version 116, so returning the closest version found: 115
]]></system-err>
  </testcase>
</testsuite>